# JRE version: OpenJDK Runtime Environment (7.0_121) (build 1.7.0_121-b00)
# Java VM: OpenJDK Client VM (24.121-b00 mixed mode, sharing linux-x86 )
Heap
 def new generation   total 55936K, used 0K [0x6e800000, 0x724b0000, 0x792a0000)
  eden space 49728K,   0% used [0x6e800000, 0x6e800000, 0x71890000)
  from space 6208K,   0% used [0x71ea0000, 0x71ea0000, 0x724b0000)
  to   space 6208K,   0% used [0x71890000, 0x71890000, 0x71ea0000)
 tenured generation   total 125184K, used 114269K [0x792a0000, 0x80ce0000, 0x8e800000)
   the space 125184K,  91% used [0x792a0000, 0x80237520, 0x80237600, 0x80ce0000)
 compacting perm gen  total 12288K, used 7604K [0x8e800000, 0x8f400000, 0x92800000)
   the space 12288K,  61% used [0x8e800000, 0x8ef6d168, 0x8ef6d200, 0x8f400000)
    ro space 10240K,  60% used [0x92800000, 0x92e00d38, 0x92e00e00, 0x93200000)
    rw space 12288K,  59% used [0x93200000, 0x9391e858, 0x9391ea00, 0x93e00000)
GC Heap History (10 events):
Event: 5004.406 GC heap after
Heap after GC invocations=11315 (full 15):
 def new generation   total 55936K, used 3994K [0x6e800000, 0x724b0000, 0x792a0000)
  eden space 49728K,   0% used [0x6e800000, 0x6e800000, 0x71890000)
  from space 6208K,  64% used [0x71890000, 0x71c76a48, 0x71ea0000)
  to   space 6208K,   0% used [0x71ea0000, 0x71ea0000, 0x724b0000)
 tenured generation   total 124116K, used 121146K [0x792a0000, 0x80bd5000, 0x8e800000)
   the space 124116K,  97% used [0x792a0000, 0x808ee808, 0x808eea00, 0x80bd5000)
 compacting perm gen  total 12288K, used 7609K [0x8e800000, 0x8f400000, 0x92800000)
   the space 12288K,  61% used [0x8e800000, 0x8ef6e668, 0x8ef6e800, 0x8f400000)
    ro space 10240K,  60% used [0x92800000, 0x92e00d38, 0x92e00e00, 0x93200000)
    rw space 12288K,  59% used [0x93200000, 0x9391e858, 0x9391ea00, 0x93e00000)
}
Event: 5007.834 GC heap before
{Heap before GC invocations=11315 (full 15):
 def new generation   total 55936K, used 53722K [0x6e800000, 0x724b0000, 0x792a0000)
  eden space 49728K, 100% used [0x6e800000, 0x71890000, 0x71890000)
  from space 6208K,  64% used [0x71890000, 0x71c76a48, 0x71ea0000)
  to   space 6208K,   0% used [0x71ea0000, 0x71ea0000, 0x724b0000)
 tenured generation   total 124116K, used 121146K [0x792a0000, 0x80bd5000, 0x8e800000)
   the space 124116K,  97% used [0x792a0000, 0x808ee808, 0x808eea00, 0x80bd5000)
 compacting perm gen  total 12288K, used 7609K [0x8e800000, 0x8f400000, 0x92800000)
   the space 12288K,  61% used [0x8e800000, 0x8ef6e668, 0x8ef6e800, 0x8f400000)
    ro space 10240K,  60% used [0x92800000, 0x92e00d38, 0x92e00e00, 0x93200000)
    rw space 12288K,  59% used [0x93200000, 0x9391e858, 0x9391ea00, 0x93e00000)
Event: 5007.845 GC heap after
Heap after GC invocations=11316 (full 15):
 def new generation   total 55936K, used 3119K [0x6e800000, 0x724b0000, 0x792a0000)
  eden space 49728K,   0% used [0x6e800000, 0x6e800000, 0x71890000)
  from space 6208K,  50% used [0x71ea0000, 0x721abf30, 0x724b0000)
  to   space 6208K,   0% used [0x71890000, 0x71890000, 0x71ea0000)
 tenured generation   total 124116K, used 122147K [0x792a0000, 0x80bd5000, 0x8e800000)
   the space 124116K,  98% used [0x792a0000, 0x809e8eb0, 0x809e9000, 0x80bd5000)
 compacting perm gen  total 12288K, used 7609K [0x8e800000, 0x8f400000, 0x92800000)
   the space 12288K,  61% used [0x8e800000, 0x8ef6e668, 0x8ef6e800, 0x8f400000)
    ro space 10240K,  60% used [0x92800000, 0x92e00d38, 0x92e00e00, 0x93200000)
    rw space 12288K,  59% used [0x93200000, 0x9391e858, 0x9391ea00, 0x93e00000)
}
Event: 5008.918 GC heap before
{Heap before GC invocations=11316 (full 15):
 def new generation   total 55936K, used 52847K [0x6e800000, 0x724b0000, 0x792a0000)
  eden space 49728K, 100% used [0x6e800000, 0x71890000, 0x71890000)
  from space 6208K,  50% used [0x71ea0000, 0x721abf30, 0x724b0000)
  to   space 6208K,   0% used [0x71890000, 0x71890000, 0x71ea0000)
 tenured generation   total 124116K, used 122147K [0x792a0000, 0x80bd5000, 0x8e800000)
   the space 124116K,  98% used [0x792a0000, 0x809e8eb0, 0x809e9000, 0x80bd5000)
 compacting perm gen  total 12288K, used 7609K [0x8e800000, 0x8f400000, 0x92800000)
   the space 12288K,  61% used [0x8e800000, 0x8ef6e668, 0x8ef6e800, 0x8f400000)
    ro space 10240K,  60% used [0x92800000, 0x92e00d38, 0x92e00e00, 0x93200000)
    rw space 12288K,  59% used [0x93200000, 0x9391e858, 0x9391ea00, 0x93e00000)
Event: 5008.926 GC heap after
Heap after GC invocations=11317 (full 15):
 def new generation   total 55936K, used 3483K [0x6e800000, 0x724b0000, 0x792a0000)
  eden space 49728K,   0% used [0x6e800000, 0x6e800000, 0x71890000)
  from space 6208K,  56% used [0x71890000, 0x71bf6c08, 0x71ea0000)
  to   space 6208K,   0% used [0x71ea0000, 0x71ea0000, 0x724b0000)
 tenured generation   total 124116K, used 122394K [0x792a0000, 0x80bd5000, 0x8e800000)
   the space 124116K,  98% used [0x792a0000, 0x80a26968, 0x80a26a00, 0x80bd5000)
 compacting perm gen  total 12288K, used 7609K [0x8e800000, 0x8f400000, 0x92800000)
   the space 12288K,  61% used [0x8e800000, 0x8ef6e668, 0x8ef6e800, 0x8f400000)
    ro space 10240K,  60% used [0x92800000, 0x92e00d38, 0x92e00e00, 0x93200000)
    rw space 12288K,  59% used [0x93200000, 0x9391e858, 0x9391ea00, 0x93e00000)
}
Event: 5010.606 GC heap before
{Heap before GC invocations=11317 (full 15):
 def new generation   total 55936K, used 53211K [0x6e800000, 0x724b0000, 0x792a0000)
  eden space 49728K, 100% used [0x6e800000, 0x71890000, 0x71890000)
  from space 6208K,  56% used [0x71890000, 0x71bf6c08, 0x71ea0000)
  to   space 6208K,   0% used [0x71ea0000, 0x71ea0000, 0x724b0000)
 tenured generation   total 124116K, used 122394K [0x792a0000, 0x80bd5000, 0x8e800000)
   the space 124116K,  98% used [0x792a0000, 0x80a26968, 0x80a26a00, 0x80bd5000)
 compacting perm gen  total 12288K, used 7609K [0x8e800000, 0x8f400000, 0x92800000)
   the space 12288K,  61% used [0x8e800000, 0x8ef6e668, 0x8ef6e800, 0x8f400000)
    ro space 10240K,  60% used [0x92800000, 0x92e00d38, 0x92e00e00, 0x93200000)
    rw space 12288K,  59% used [0x93200000, 0x9391e858, 0x9391ea00, 0x93e00000)
Event: 5010.616 GC heap after
Heap after GC invocations=11318 (full 15):
 def new generation   total 55936K, used 3710K [0x6e800000, 0x724b0000, 0x792a0000)
  eden space 49728K,   0% used [0x6e800000, 0x6e800000, 0x71890000)
  from space 6208K,  59% used [0x71ea0000, 0x7223f938, 0x724b0000)
  to   space 6208K,   0% used [0x71890000, 0x71890000, 0x71ea0000)
 tenured generation   total 124116K, used 122784K [0x792a0000, 0x80bd5000, 0x8e800000)
   the space 124116K,  98% used [0x792a0000, 0x80a881b8, 0x80a88200, 0x80bd5000)
 compacting perm gen  total 12288K, used 7609K [0x8e800000, 0x8f400000, 0x92800000)
   the space 12288K,  61% used [0x8e800000, 0x8ef6e668, 0x8ef6e800, 0x8f400000)
    ro space 10240K,  60% used [0x92800000, 0x92e00d38, 0x92e00e00, 0x93200000)
    rw space 12288K,  59% used [0x93200000, 0x9391e858, 0x9391ea00, 0x93e00000)
}
Event: 5021.576 GC heap before
{Heap before GC invocations=11318 (full 15):
 def new generation   total 55936K, used 53438K [0x6e800000, 0x724b0000, 0x792a0000)
  eden space 49728K, 100% used [0x6e800000, 0x71890000, 0x71890000)
  from space 6208K,  59% used [0x71ea0000, 0x7223f938, 0x724b0000)
  to   space 6208K,   0% used [0x71890000, 0x71890000, 0x71ea0000)
 tenured generation   total 124116K, used 122784K [0x792a0000, 0x80bd5000, 0x8e800000)
   the space 124116K,  98% used [0x792a0000, 0x80a881b8, 0x80a88200, 0x80bd5000)
 compacting perm gen  total 12288K, used 7609K [0x8e800000, 0x8f400000, 0x92800000)
   the space 12288K,  61% used [0x8e800000, 0x8ef6e668, 0x8ef6e800, 0x8f400000)
    ro space 10240K,  60% used [0x92800000, 0x92e00d38, 0x92e00e00, 0x93200000)
    rw space 12288K,  59% used [0x93200000, 0x9391e858, 0x9391ea00, 0x93e00000)
Event: 5021.582 GC heap after
Heap after GC invocations=11319 (full 15):
 def new generation   total 55936K, used 4073K [0x6e800000, 0x724b0000, 0x792a0000)
  eden space 49728K,   0% used [0x6e800000, 0x6e800000, 0x71890000)
  from space 6208K,  65% used [0x71890000, 0x71c8a5e0, 0x71ea0000)
  to   space 6208K,   0% used [0x71ea0000, 0x71ea0000, 0x724b0000)
 tenured generation   total 124116K, used 123481K [0x792a0000, 0x80bd5000, 0x8e800000)
   the space 124116K,  99% used [0x792a0000, 0x80b36660, 0x80b36800, 0x80bd5000)
 compacting perm gen  total 12288K, used 7609K [0x8e800000, 0x8f400000, 0x92800000)
   the space 12288K,  61% used [0x8e800000, 0x8ef6e668, 0x8ef6e800, 0x8f400000)
    ro space 10240K,  60% used [0x92800000, 0x92e00d38, 0x92e00e00, 0x93200000)
    rw space 12288K,  59% used [0x93200000, 0x9391e858, 0x9391ea00, 0x93e00000)
}
Event: 5022.416 GC heap before
{Heap before GC invocations=11319 (full 15):
 def new generation   total 55936K, used 53801K [0x6e800000, 0x724b0000, 0x792a0000)
  eden space 49728K, 100% used [0x6e800000, 0x71890000, 0x71890000)
  from space 6208K,  65% used [0x71890000, 0x71c8a5e0, 0x71ea0000)
  to   space 6208K,   0% used [0x71ea0000, 0x71ea0000, 0x724b0000)
 tenured generation   total 124116K, used 123481K [0x792a0000, 0x80bd5000, 0x8e800000)
   the space 124116K,  99% used [0x792a0000, 0x80b36660, 0x80b36800, 0x80bd5000)
 compacting perm gen  total 12288K, used 7609K [0x8e800000, 0x8f400000, 0x92800000)
   the space 12288K,  61% used [0x8e800000, 0x8ef6e668, 0x8ef6e800, 0x8f400000)
    ro space 10240K,  60% used [0x92800000, 0x92e00d38, 0x92e00e00, 0x93200000)
    rw space 12288K,  59% used [0x93200000, 0x9391e858, 0x9391ea00, 0x93e00000)

