# JRE version: OpenJDK Runtime Environment (7.0_121) (build 1.7.0_121-b00)
# Java VM: OpenJDK Client VM (24.121-b00 mixed mode, sharing linux-x86 )
Heap
 def new generation   total 445120K, used 0K [0x2e800000, 0x4caf0000, 0x4e800000)
  eden space 395712K,   0% used [0x2e800000, 0x2e800000, 0x46a70000)
  from space 49408K,   0% used [0x49ab0000, 0x49ab0000, 0x4caf0000)
  to   space 49408K,   0% used [0x46a70000, 0x46a70000, 0x49ab0000)
 tenured generation   total 989808K, used 916984K [0x4e800000, 0x8ae9c000, 0x8e800000)
   the space 989808K,  92% used [0x4e800000, 0x8677e280, 0x8677e400, 0x8ae9c000)
 compacting perm gen  total 12288K, used 9428K [0x8e800000, 0x8f400000, 0x92800000)
   the space 12288K,  76% used [0x8e800000, 0x8f135108, 0x8f135200, 0x8f400000)
    ro space 10240K,  60% used [0x92800000, 0x92e00d38, 0x92e00e00, 0x93200000)
    rw space 12288K,  59% used [0x93200000, 0x9391e858, 0x9391ea00, 0x93e00000)
GC Heap History (10 events):
Event: 67983.825 GC heap after
Heap after GC invocations=2191 (full 11):
 def new generation   total 445120K, used 25528K [0x2e800000, 0x4caf0000, 0x4e800000)
  eden space 395712K,   0% used [0x2e800000, 0x2e800000, 0x46a70000)
  from space 49408K,  51% used [0x46a70000, 0x4835e1b8, 0x49ab0000)
  to   space 49408K,   0% used [0x49ab0000, 0x49ab0000, 0x4caf0000)
 tenured generation   total 988912K, used 975658K [0x4e800000, 0x8adbc000, 0x8e800000)
   the space 988912K,  98% used [0x4e800000, 0x8a0caac8, 0x8a0cac00, 0x8adbc000)
 compacting perm gen  total 12288K, used 9449K [0x8e800000, 0x8f400000, 0x92800000)
   the space 12288K,  76% used [0x8e800000, 0x8f13a528, 0x8f13a600, 0x8f400000)
    ro space 10240K,  60% used [0x92800000, 0x92e00d38, 0x92e00e00, 0x93200000)
    rw space 12288K,  59% used [0x93200000, 0x9391e858, 0x9391ea00, 0x93e00000)
}
Event: 67993.887 GC heap before
{Heap before GC invocations=2191 (full 11):
 def new generation   total 445120K, used 421240K [0x2e800000, 0x4caf0000, 0x4e800000)
  eden space 395712K, 100% used [0x2e800000, 0x46a70000, 0x46a70000)
  from space 49408K,  51% used [0x46a70000, 0x4835e1b8, 0x49ab0000)
  to   space 49408K,   0% used [0x49ab0000, 0x49ab0000, 0x4caf0000)
 tenured generation   total 988912K, used 975658K [0x4e800000, 0x8adbc000, 0x8e800000)
   the space 988912K,  98% used [0x4e800000, 0x8a0caac8, 0x8a0cac00, 0x8adbc000)
 compacting perm gen  total 12288K, used 9449K [0x8e800000, 0x8f400000, 0x92800000)
   the space 12288K,  76% used [0x8e800000, 0x8f13a528, 0x8f13a600, 0x8f400000)
    ro space 10240K,  60% used [0x92800000, 0x92e00d38, 0x92e00e00, 0x93200000)
    rw space 12288K,  59% used [0x93200000, 0x9391e858, 0x9391ea00, 0x93e00000)
Event: 67993.924 GC heap after
Heap after GC invocations=2192 (full 11):
 def new generation   total 445120K, used 22715K [0x2e800000, 0x4caf0000, 0x4e800000)
  eden space 395712K,   0% used [0x2e800000, 0x2e800000, 0x46a70000)
  from space 49408K,  45% used [0x49ab0000, 0x4b0defa0, 0x4caf0000)
  to   space 49408K,   0% used [0x46a70000, 0x46a70000, 0x49ab0000)
 tenured generation   total 988912K, used 979448K [0x4e800000, 0x8adbc000, 0x8e800000)
   the space 988912K,  99% used [0x4e800000, 0x8a47e018, 0x8a47e200, 0x8adbc000)
 compacting perm gen  total 12288K, used 9449K [0x8e800000, 0x8f400000, 0x92800000)
   the space 12288K,  76% used [0x8e800000, 0x8f13a528, 0x8f13a600, 0x8f400000)
    ro space 10240K,  60% used [0x92800000, 0x92e00d38, 0x92e00e00, 0x93200000)
    rw space 12288K,  59% used [0x93200000, 0x9391e858, 0x9391ea00, 0x93e00000)
}
Event: 68003.505 GC heap before
{Heap before GC invocations=2192 (full 11):
 def new generation   total 445120K, used 418427K [0x2e800000, 0x4caf0000, 0x4e800000)
  eden space 395712K, 100% used [0x2e800000, 0x46a70000, 0x46a70000)
  from space 49408K,  45% used [0x49ab0000, 0x4b0defa0, 0x4caf0000)
  to   space 49408K,   0% used [0x46a70000, 0x46a70000, 0x49ab0000)
 tenured generation   total 988912K, used 979448K [0x4e800000, 0x8adbc000, 0x8e800000)
   the space 988912K,  99% used [0x4e800000, 0x8a47e018, 0x8a47e200, 0x8adbc000)
 compacting perm gen  total 12288K, used 9449K [0x8e800000, 0x8f400000, 0x92800000)
   the space 12288K,  76% used [0x8e800000, 0x8f13a528, 0x8f13a600, 0x8f400000)
    ro space 10240K,  60% used [0x92800000, 0x92e00d38, 0x92e00e00, 0x93200000)
    rw space 12288K,  59% used [0x93200000, 0x9391e858, 0x9391ea00, 0x93e00000)
Event: 68003.532 GC heap after
Heap after GC invocations=2193 (full 11):
 def new generation   total 445120K, used 22815K [0x2e800000, 0x4caf0000, 0x4e800000)
  eden space 395712K,   0% used [0x2e800000, 0x2e800000, 0x46a70000)
  from space 49408K,  46% used [0x46a70000, 0x480b7f18, 0x49ab0000)
  to   space 49408K,   0% used [0x49ab0000, 0x49ab0000, 0x4caf0000)
 tenured generation   total 988912K, used 980539K [0x4e800000, 0x8adbc000, 0x8e800000)
   the space 988912K,  99% used [0x4e800000, 0x8a58ecd8, 0x8a58ee00, 0x8adbc000)
 compacting perm gen  total 12288K, used 9449K [0x8e800000, 0x8f400000, 0x92800000)
   the space 12288K,  76% used [0x8e800000, 0x8f13a528, 0x8f13a600, 0x8f400000)
    ro space 10240K,  60% used [0x92800000, 0x92e00d38, 0x92e00e00, 0x93200000)
    rw space 12288K,  59% used [0x93200000, 0x9391e858, 0x9391ea00, 0x93e00000)
}
Event: 68013.143 GC heap before
{Heap before GC invocations=2193 (full 11):
 def new generation   total 445120K, used 418527K [0x2e800000, 0x4caf0000, 0x4e800000)
  eden space 395712K, 100% used [0x2e800000, 0x46a70000, 0x46a70000)
  from space 49408K,  46% used [0x46a70000, 0x480b7f18, 0x49ab0000)
  to   space 49408K,   0% used [0x49ab0000, 0x49ab0000, 0x4caf0000)
 tenured generation   total 988912K, used 980539K [0x4e800000, 0x8adbc000, 0x8e800000)
   the space 988912K,  99% used [0x4e800000, 0x8a58ecd8, 0x8a58ee00, 0x8adbc000)
 compacting perm gen  total 12288K, used 9449K [0x8e800000, 0x8f400000, 0x92800000)
   the space 12288K,  76% used [0x8e800000, 0x8f13a528, 0x8f13a600, 0x8f400000)
    ro space 10240K,  60% used [0x92800000, 0x92e00d38, 0x92e00e00, 0x93200000)
    rw space 12288K,  59% used [0x93200000, 0x9391e858, 0x9391ea00, 0x93e00000)
Event: 68013.178 GC heap after
Heap after GC invocations=2194 (full 11):
 def new generation   total 445120K, used 23004K [0x2e800000, 0x4caf0000, 0x4e800000)
  eden space 395712K,   0% used [0x2e800000, 0x2e800000, 0x46a70000)
  from space 49408K,  46% used [0x49ab0000, 0x4b1273a0, 0x4caf0000)
  to   space 49408K,   0% used [0x46a70000, 0x46a70000, 0x49ab0000)
 tenured generation   total 988912K, used 981590K [0x4e800000, 0x8adbc000, 0x8e800000)
   the space 988912K,  99% used [0x4e800000, 0x8a695bb8, 0x8a695c00, 0x8adbc000)
 compacting perm gen  total 12288K, used 9449K [0x8e800000, 0x8f400000, 0x92800000)
   the space 12288K,  76% used [0x8e800000, 0x8f13a528, 0x8f13a600, 0x8f400000)
    ro space 10240K,  60% used [0x92800000, 0x92e00d38, 0x92e00e00, 0x93200000)
    rw space 12288K,  59% used [0x93200000, 0x9391e858, 0x9391ea00, 0x93e00000)
}
Event: 68023.173 GC heap before
{Heap before GC invocations=2194 (full 11):
 def new generation   total 445120K, used 418716K [0x2e800000, 0x4caf0000, 0x4e800000)
  eden space 395712K, 100% used [0x2e800000, 0x46a70000, 0x46a70000)
  from space 49408K,  46% used [0x49ab0000, 0x4b1273c0, 0x4caf0000)
  to   space 49408K,   0% used [0x46a70000, 0x46a70000, 0x49ab0000)
 tenured generation   total 988912K, used 981590K [0x4e800000, 0x8adbc000, 0x8e800000)
   the space 988912K,  99% used [0x4e800000, 0x8a695bb8, 0x8a695c00, 0x8adbc000)
 compacting perm gen  total 12288K, used 9449K [0x8e800000, 0x8f400000, 0x92800000)
   the space 12288K,  76% used [0x8e800000, 0x8f13a528, 0x8f13a600, 0x8f400000)
    ro space 10240K,  60% used [0x92800000, 0x92e00d38, 0x92e00e00, 0x93200000)
    rw space 12288K,  59% used [0x93200000, 0x9391e858, 0x9391ea00, 0x93e00000)
Event: 68023.232 GC heap after
Heap after GC invocations=2195 (full 11):
 def new generation   total 445120K, used 31202K [0x2e800000, 0x4caf0000, 0x4e800000)
  eden space 395712K,   0% used [0x2e800000, 0x2e800000, 0x46a70000)
  from space 49408K,  63% used [0x46a70000, 0x488e8810, 0x49ab0000)
  to   space 49408K,   0% used [0x49ab0000, 0x49ab0000, 0x4caf0000)
 tenured generation   total 988912K, used 982757K [0x4e800000, 0x8adbc000, 0x8e800000)
   the space 988912K,  99% used [0x4e800000, 0x8a7b94c8, 0x8a7b9600, 0x8adbc000)
 compacting perm gen  total 12288K, used 9449K [0x8e800000, 0x8f400000, 0x92800000)
   the space 12288K,  76% used [0x8e800000, 0x8f13a528, 0x8f13a600, 0x8f400000)
    ro space 10240K,  60% used [0x92800000, 0x92e00d38, 0x92e00e00, 0x93200000)
    rw space 12288K,  59% used [0x93200000, 0x9391e858, 0x9391ea00, 0x93e00000)
}
Event: 68034.295 GC heap before
{Heap before GC invocations=2195 (full 11):
 def new generation   total 445120K, used 426914K [0x2e800000, 0x4caf0000, 0x4e800000)
  eden space 395712K, 100% used [0x2e800000, 0x46a70000, 0x46a70000)
  from space 49408K,  63% used [0x46a70000, 0x488e8810, 0x49ab0000)
  to   space 49408K,   0% used [0x49ab0000, 0x49ab0000, 0x4caf0000)
 tenured generation   total 988912K, used 982757K [0x4e800000, 0x8adbc000, 0x8e800000)
   the space 988912K,  99% used [0x4e800000, 0x8a7b94c8, 0x8a7b9600, 0x8adbc000)
 compacting perm gen  total 12288K, used 9449K [0x8e800000, 0x8f400000, 0x92800000)
   the space 12288K,  76% used [0x8e800000, 0x8f13a528, 0x8f13a600, 0x8f400000)
    ro space 10240K,  60% used [0x92800000, 0x92e00d38, 0x92e00e00, 0x93200000)
    rw space 12288K,  59% used [0x93200000, 0x9391e858, 0x9391ea00, 0x93e00000)

