# JRE version: OpenJDK Runtime Environment (7.0_121) (build 1.7.0_121-b00)
# Java VM: OpenJDK Client VM (24.121-b00 mixed mode, sharing linux-x86 )
Heap
 def new generation   total 400768K, used 0K [0x2e800000, 0x49ad0000, 0x4e800000)
  eden space 356288K,   0% used [0x2e800000, 0x2e800000, 0x443f0000)
  from space 44480K,   0% used [0x46f60000, 0x46f60000, 0x49ad0000)
  to   space 44480K,   0% used [0x443f0000, 0x443f0000, 0x46f60000)
 tenured generation   total 890384K, used 699098K [0x4e800000, 0x84d84000, 0x8e800000)
   the space 890384K,  78% used [0x4e800000, 0x792b69c0, 0x792b6a00, 0x84d84000)
 compacting perm gen  total 12288K, used 10217K [0x8e800000, 0x8f400000, 0x92800000)
   the space 12288K,  83% used [0x8e800000, 0x8f1fa7f8, 0x8f1fa800, 0x8f400000)
    ro space 10240K,  60% used [0x92800000, 0x92e00d38, 0x92e00e00, 0x93200000)
    rw space 12288K,  59% used [0x93200000, 0x9391e858, 0x9391ea00, 0x93e00000)
GC Heap History (10 events):
Event: 441891.908 GC heap after
Heap after GC invocations=16872 (full 10):
 def new generation   total 400768K, used 1420K [0x2e800000, 0x49ad0000, 0x4e800000)
  eden space 356288K,   0% used [0x2e800000, 0x2e800000, 0x443f0000)
  from space 44480K,   3% used [0x46f60000, 0x470c30f0, 0x49ad0000)
  to   space 44480K,   0% used [0x443f0000, 0x443f0000, 0x46f60000)
 tenured generation   total 890384K, used 841517K [0x4e800000, 0x84d84000, 0x8e800000)
   the space 890384K,  94% used [0x4e800000, 0x81dcb4c8, 0x81dcb600, 0x84d84000)
 compacting perm gen  total 12288K, used 10217K [0x8e800000, 0x8f400000, 0x92800000)
   the space 12288K,  83% used [0x8e800000, 0x8f1fa7c8, 0x8f1fa800, 0x8f400000)
    ro space 10240K,  60% used [0x92800000, 0x92e00d38, 0x92e00e00, 0x93200000)
    rw space 12288K,  59% used [0x93200000, 0x9391e858, 0x9391ea00, 0x93e00000)
}
Event: 441904.690 GC heap before
{Heap before GC invocations=16872 (full 10):
 def new generation   total 400768K, used 357708K [0x2e800000, 0x49ad0000, 0x4e800000)
  eden space 356288K, 100% used [0x2e800000, 0x443f0000, 0x443f0000)
  from space 44480K,   3% used [0x46f60000, 0x470c30f0, 0x49ad0000)
  to   space 44480K,   0% used [0x443f0000, 0x443f0000, 0x46f60000)
 tenured generation   total 890384K, used 841517K [0x4e800000, 0x84d84000, 0x8e800000)
   the space 890384K,  94% used [0x4e800000, 0x81dcb4c8, 0x81dcb600, 0x84d84000)
 compacting perm gen  total 12288K, used 10217K [0x8e800000, 0x8f400000, 0x92800000)
   the space 12288K,  83% used [0x8e800000, 0x8f1fa7c8, 0x8f1fa800, 0x8f400000)
    ro space 10240K,  60% used [0x92800000, 0x92e00d38, 0x92e00e00, 0x93200000)
    rw space 12288K,  59% used [0x93200000, 0x9391e858, 0x9391ea00, 0x93e00000)
Event: 441904.693 GC heap after
Heap after GC invocations=16873 (full 10):
 def new generation   total 400768K, used 1457K [0x2e800000, 0x49ad0000, 0x4e800000)
  eden space 356288K,   0% used [0x2e800000, 0x2e800000, 0x443f0000)
  from space 44480K,   3% used [0x443f0000, 0x4455c758, 0x46f60000)
  to   space 44480K,   0% used [0x46f60000, 0x46f60000, 0x49ad0000)
 tenured generation   total 890384K, used 841587K [0x4e800000, 0x84d84000, 0x8e800000)
   the space 890384K,  94% used [0x4e800000, 0x81ddcf28, 0x81ddd000, 0x84d84000)
 compacting perm gen  total 12288K, used 10217K [0x8e800000, 0x8f400000, 0x92800000)
   the space 12288K,  83% used [0x8e800000, 0x8f1fa7c8, 0x8f1fa800, 0x8f400000)
    ro space 10240K,  60% used [0x92800000, 0x92e00d38, 0x92e00e00, 0x93200000)
    rw space 12288K,  59% used [0x93200000, 0x9391e858, 0x9391ea00, 0x93e00000)
}
Event: 441916.893 GC heap before
{Heap before GC invocations=16873 (full 10):
 def new generation   total 400768K, used 357745K [0x2e800000, 0x49ad0000, 0x4e800000)
  eden space 356288K, 100% used [0x2e800000, 0x443f0000, 0x443f0000)
  from space 44480K,   3% used [0x443f0000, 0x4455c758, 0x46f60000)
  to   space 44480K,   0% used [0x46f60000, 0x46f60000, 0x49ad0000)
 tenured generation   total 890384K, used 841587K [0x4e800000, 0x84d84000, 0x8e800000)
   the space 890384K,  94% used [0x4e800000, 0x81ddcf28, 0x81ddd000, 0x84d84000)
 compacting perm gen  total 12288K, used 10217K [0x8e800000, 0x8f400000, 0x92800000)
   the space 12288K,  83% used [0x8e800000, 0x8f1fa7c8, 0x8f1fa800, 0x8f400000)
    ro space 10240K,  60% used [0x92800000, 0x92e00d38, 0x92e00e00, 0x93200000)
    rw space 12288K,  59% used [0x93200000, 0x9391e858, 0x9391ea00, 0x93e00000)
Event: 441916.897 GC heap after
Heap after GC invocations=16874 (full 10):
 def new generation   total 400768K, used 1467K [0x2e800000, 0x49ad0000, 0x4e800000)
  eden space 356288K,   0% used [0x2e800000, 0x2e800000, 0x443f0000)
  from space 44480K,   3% used [0x46f60000, 0x470cec30, 0x49ad0000)
  to   space 44480K,   0% used [0x443f0000, 0x443f0000, 0x46f60000)
 tenured generation   total 890384K, used 841672K [0x4e800000, 0x84d84000, 0x8e800000)
   the space 890384K,  94% used [0x4e800000, 0x81df2228, 0x81df2400, 0x84d84000)
 compacting perm gen  total 12288K, used 10217K [0x8e800000, 0x8f400000, 0x92800000)
   the space 12288K,  83% used [0x8e800000, 0x8f1fa7c8, 0x8f1fa800, 0x8f400000)
    ro space 10240K,  60% used [0x92800000, 0x92e00d38, 0x92e00e00, 0x93200000)
    rw space 12288K,  59% used [0x93200000, 0x9391e858, 0x9391ea00, 0x93e00000)
}
Event: 441928.266 GC heap before
{Heap before GC invocations=16874 (full 10):
 def new generation   total 400768K, used 357755K [0x2e800000, 0x49ad0000, 0x4e800000)
  eden space 356288K, 100% used [0x2e800000, 0x443f0000, 0x443f0000)
  from space 44480K,   3% used [0x46f60000, 0x470cec30, 0x49ad0000)
  to   space 44480K,   0% used [0x443f0000, 0x443f0000, 0x46f60000)
 tenured generation   total 890384K, used 841672K [0x4e800000, 0x84d84000, 0x8e800000)
   the space 890384K,  94% used [0x4e800000, 0x81df2228, 0x81df2400, 0x84d84000)
 compacting perm gen  total 12288K, used 10217K [0x8e800000, 0x8f400000, 0x92800000)
   the space 12288K,  83% used [0x8e800000, 0x8f1fa7c8, 0x8f1fa800, 0x8f400000)
    ro space 10240K,  60% used [0x92800000, 0x92e00d38, 0x92e00e00, 0x93200000)
    rw space 12288K,  59% used [0x93200000, 0x9391e858, 0x9391ea00, 0x93e00000)
Event: 441928.269 GC heap after
Heap after GC invocations=16875 (full 10):
 def new generation   total 400768K, used 1610K [0x2e800000, 0x49ad0000, 0x4e800000)
  eden space 356288K,   0% used [0x2e800000, 0x2e800000, 0x443f0000)
  from space 44480K,   3% used [0x443f0000, 0x44582bb0, 0x46f60000)
  to   space 44480K,   0% used [0x46f60000, 0x46f60000, 0x49ad0000)
 tenured generation   total 890384K, used 841749K [0x4e800000, 0x84d84000, 0x8e800000)
   the space 890384K,  94% used [0x4e800000, 0x81e057a8, 0x81e05800, 0x84d84000)
 compacting perm gen  total 12288K, used 10217K [0x8e800000, 0x8f400000, 0x92800000)
   the space 12288K,  83% used [0x8e800000, 0x8f1fa7c8, 0x8f1fa800, 0x8f400000)
    ro space 10240K,  60% used [0x92800000, 0x92e00d38, 0x92e00e00, 0x93200000)
    rw space 12288K,  59% used [0x93200000, 0x9391e858, 0x9391ea00, 0x93e00000)
}
Event: 441938.673 GC heap before
{Heap before GC invocations=16875 (full 10):
 def new generation   total 400768K, used 357898K [0x2e800000, 0x49ad0000, 0x4e800000)
  eden space 356288K, 100% used [0x2e800000, 0x443f0000, 0x443f0000)
  from space 44480K,   3% used [0x443f0000, 0x44582bb0, 0x46f60000)
  to   space 44480K,   0% used [0x46f60000, 0x46f60000, 0x49ad0000)
 tenured generation   total 890384K, used 841749K [0x4e800000, 0x84d84000, 0x8e800000)
   the space 890384K,  94% used [0x4e800000, 0x81e057a8, 0x81e05800, 0x84d84000)
 compacting perm gen  total 12288K, used 10217K [0x8e800000, 0x8f400000, 0x92800000)
   the space 12288K,  83% used [0x8e800000, 0x8f1fa7c8, 0x8f1fa800, 0x8f400000)
    ro space 10240K,  60% used [0x92800000, 0x92e00d38, 0x92e00e00, 0x93200000)
    rw space 12288K,  59% used [0x93200000, 0x9391e858, 0x9391ea00, 0x93e00000)
Event: 441938.678 GC heap after
Heap after GC invocations=16876 (full 10):
 def new generation   total 400768K, used 1676K [0x2e800000, 0x49ad0000, 0x4e800000)
  eden space 356288K,   0% used [0x2e800000, 0x2e800000, 0x443f0000)
  from space 44480K,   3% used [0x46f60000, 0x47103248, 0x49ad0000)
  to   space 44480K,   0% used [0x443f0000, 0x443f0000, 0x46f60000)
 tenured generation   total 890384K, used 841830K [0x4e800000, 0x84d84000, 0x8e800000)
   the space 890384K,  94% used [0x4e800000, 0x81e199b0, 0x81e19a00, 0x84d84000)
 compacting perm gen  total 12288K, used 10217K [0x8e800000, 0x8f400000, 0x92800000)
   the space 12288K,  83% used [0x8e800000, 0x8f1fa7c8, 0x8f1fa800, 0x8f400000)
    ro space 10240K,  60% used [0x92800000, 0x92e00d38, 0x92e00e00, 0x93200000)
    rw space 12288K,  59% used [0x93200000, 0x9391e858, 0x9391ea00, 0x93e00000)
}
Event: 441950.947 GC heap before
{Heap before GC invocations=16876 (full 10):
 def new generation   total 400768K, used 316255K [0x2e800000, 0x49ad0000, 0x4e800000)
  eden space 356288K,  88% used [0x2e800000, 0x41b34c70, 0x443f0000)
  from space 44480K,   3% used [0x46f60000, 0x47103248, 0x49ad0000)
  to   space 44480K,   0% used [0x443f0000, 0x443f0000, 0x46f60000)
 tenured generation   total 890384K, used 841830K [0x4e800000, 0x84d84000, 0x8e800000)
   the space 890384K,  94% used [0x4e800000, 0x81e199b0, 0x81e19a00, 0x84d84000)
 compacting perm gen  total 12288K, used 10217K [0x8e800000, 0x8f400000, 0x92800000)
   the space 12288K,  83% used [0x8e800000, 0x8f1fa7f8, 0x8f1fa800, 0x8f400000)
    ro space 10240K,  60% used [0x92800000, 0x92e00d38, 0x92e00e00, 0x93200000)
    rw space 12288K,  59% used [0x93200000, 0x9391e858, 0x9391ea00, 0x93e00000)

