# JRE version: OpenJDK Runtime Environment (7.0_121) (build 1.7.0_121-b00)
# Java VM: OpenJDK Client VM (24.121-b00 mixed mode, sharing linux-x86 )
Heap
 def new generation   total 131328K, used 0K [0x6e800000, 0x77670000, 0x792a0000)
  eden space 116800K,   0% used [0x6e800000, 0x6e800000, 0x75a10000)
  from space 14528K,   0% used [0x76840000, 0x76840000, 0x77670000)
  to   space 14528K,   0% used [0x75a10000, 0x75a10000, 0x76840000)
 tenured generation   total 291640K, used 277725K [0x792a0000, 0x8af6e000, 0x8e800000)
   the space 291640K,  95% used [0x792a0000, 0x8a1d7690, 0x8a1d7800, 0x8af6e000)
 compacting perm gen  total 12288K, used 8339K [0x8e800000, 0x8f400000, 0x92800000)
   the space 12288K,  67% used [0x8e800000, 0x8f024dd8, 0x8f024e00, 0x8f400000)
    ro space 10240K,  60% used [0x92800000, 0x92e00d38, 0x92e00e00, 0x93200000)
    rw space 12288K,  59% used [0x93200000, 0x9391e858, 0x9391ea00, 0x93e00000)
GC Heap History (10 events):
Event: 1393.733 GC heap after
Heap after GC invocations=1313 (full 8):
 def new generation   total 131328K, used 5063K [0x6e800000, 0x77670000, 0x792a0000)
  eden space 116800K,   0% used [0x6e800000, 0x6e800000, 0x75a10000)
  from space 14528K,  34% used [0x76840000, 0x76d31ca8, 0x77670000)
  to   space 14528K,   0% used [0x75a10000, 0x75a10000, 0x76840000)
 tenured generation   total 291640K, used 270581K [0x792a0000, 0x8af6e000, 0x8e800000)
   the space 291640K,  92% used [0x792a0000, 0x89add6c8, 0x89add800, 0x8af6e000)
 compacting perm gen  total 12288K, used 8339K [0x8e800000, 0x8f400000, 0x92800000)
   the space 12288K,  67% used [0x8e800000, 0x8f024dd8, 0x8f024e00, 0x8f400000)
    ro space 10240K,  60% used [0x92800000, 0x92e00d38, 0x92e00e00, 0x93200000)
    rw space 12288K,  59% used [0x93200000, 0x9391e858, 0x9391ea00, 0x93e00000)
}
Event: 1395.249 GC heap before
{Heap before GC invocations=1313 (full 8):
 def new generation   total 131328K, used 121863K [0x6e800000, 0x77670000, 0x792a0000)
  eden space 116800K, 100% used [0x6e800000, 0x75a10000, 0x75a10000)
  from space 14528K,  34% used [0x76840000, 0x76d31ca8, 0x77670000)
  to   space 14528K,   0% used [0x75a10000, 0x75a10000, 0x76840000)
 tenured generation   total 291640K, used 270581K [0x792a0000, 0x8af6e000, 0x8e800000)
   the space 291640K,  92% used [0x792a0000, 0x89add6c8, 0x89add800, 0x8af6e000)
 compacting perm gen  total 12288K, used 8339K [0x8e800000, 0x8f400000, 0x92800000)
   the space 12288K,  67% used [0x8e800000, 0x8f024dd8, 0x8f024e00, 0x8f400000)
    ro space 10240K,  60% used [0x92800000, 0x92e00d38, 0x92e00e00, 0x93200000)
    rw space 12288K,  59% used [0x93200000, 0x9391e858, 0x9391ea00, 0x93e00000)
Event: 1395.261 GC heap after
Heap after GC invocations=1314 (full 8):
 def new generation   total 131328K, used 4968K [0x6e800000, 0x77670000, 0x792a0000)
  eden space 116800K,   0% used [0x6e800000, 0x6e800000, 0x75a10000)
  from space 14528K,  34% used [0x75a10000, 0x75eea080, 0x76840000)
  to   space 14528K,   0% used [0x76840000, 0x76840000, 0x77670000)
 tenured generation   total 291640K, used 270880K [0x792a0000, 0x8af6e000, 0x8e800000)
   the space 291640K,  92% used [0x792a0000, 0x89b28298, 0x89b28400, 0x8af6e000)
 compacting perm gen  total 12288K, used 8339K [0x8e800000, 0x8f400000, 0x92800000)
   the space 12288K,  67% used [0x8e800000, 0x8f024dd8, 0x8f024e00, 0x8f400000)
    ro space 10240K,  60% used [0x92800000, 0x92e00d38, 0x92e00e00, 0x93200000)
    rw space 12288K,  59% used [0x93200000, 0x9391e858, 0x9391ea00, 0x93e00000)
}
Event: 1398.362 GC heap before
{Heap before GC invocations=1314 (full 8):
 def new generation   total 131328K, used 121768K [0x6e800000, 0x77670000, 0x792a0000)
  eden space 116800K, 100% used [0x6e800000, 0x75a10000, 0x75a10000)
  from space 14528K,  34% used [0x75a10000, 0x75eea080, 0x76840000)
  to   space 14528K,   0% used [0x76840000, 0x76840000, 0x77670000)
 tenured generation   total 291640K, used 270880K [0x792a0000, 0x8af6e000, 0x8e800000)
   the space 291640K,  92% used [0x792a0000, 0x89b28298, 0x89b28400, 0x8af6e000)
 compacting perm gen  total 12288K, used 8339K [0x8e800000, 0x8f400000, 0x92800000)
   the space 12288K,  67% used [0x8e800000, 0x8f024dd8, 0x8f024e00, 0x8f400000)
    ro space 10240K,  60% used [0x92800000, 0x92e00d38, 0x92e00e00, 0x93200000)
    rw space 12288K,  59% used [0x93200000, 0x9391e858, 0x9391ea00, 0x93e00000)
Event: 1398.374 GC heap after
Heap after GC invocations=1315 (full 8):
 def new generation   total 131328K, used 5319K [0x6e800000, 0x77670000, 0x792a0000)
  eden space 116800K,   0% used [0x6e800000, 0x6e800000, 0x75a10000)
  from space 14528K,  36% used [0x76840000, 0x76d71e18, 0x77670000)
  to   space 14528K,   0% used [0x75a10000, 0x75a10000, 0x76840000)
 tenured generation   total 291640K, used 270993K [0x792a0000, 0x8af6e000, 0x8e800000)
   the space 291640K,  92% used [0x792a0000, 0x89b44538, 0x89b44600, 0x8af6e000)
 compacting perm gen  total 12288K, used 8339K [0x8e800000, 0x8f400000, 0x92800000)
   the space 12288K,  67% used [0x8e800000, 0x8f024dd8, 0x8f024e00, 0x8f400000)
    ro space 10240K,  60% used [0x92800000, 0x92e00d38, 0x92e00e00, 0x93200000)
    rw space 12288K,  59% used [0x93200000, 0x9391e858, 0x9391ea00, 0x93e00000)
}
Event: 1400.276 GC heap before
{Heap before GC invocations=1315 (full 8):
 def new generation   total 131328K, used 122119K [0x6e800000, 0x77670000, 0x792a0000)
  eden space 116800K, 100% used [0x6e800000, 0x75a10000, 0x75a10000)
  from space 14528K,  36% used [0x76840000, 0x76d71e18, 0x77670000)
  to   space 14528K,   0% used [0x75a10000, 0x75a10000, 0x76840000)
 tenured generation   total 291640K, used 270993K [0x792a0000, 0x8af6e000, 0x8e800000)
   the space 291640K,  92% used [0x792a0000, 0x89b44538, 0x89b44600, 0x8af6e000)
 compacting perm gen  total 12288K, used 8339K [0x8e800000, 0x8f400000, 0x92800000)
   the space 12288K,  67% used [0x8e800000, 0x8f024dd8, 0x8f024e00, 0x8f400000)
    ro space 10240K,  60% used [0x92800000, 0x92e00d38, 0x92e00e00, 0x93200000)
    rw space 12288K,  59% used [0x93200000, 0x9391e858, 0x9391ea00, 0x93e00000)
Event: 1400.286 GC heap after
Heap after GC invocations=1316 (full 8):
 def new generation   total 131328K, used 5375K [0x6e800000, 0x77670000, 0x792a0000)
  eden space 116800K,   0% used [0x6e800000, 0x6e800000, 0x75a10000)
  from space 14528K,  37% used [0x75a10000, 0x75f4fde0, 0x76840000)
  to   space 14528K,   0% used [0x76840000, 0x76840000, 0x77670000)
 tenured generation   total 291640K, used 271132K [0x792a0000, 0x8af6e000, 0x8e800000)
   the space 291640K,  92% used [0x792a0000, 0x89b67340, 0x89b67400, 0x8af6e000)
 compacting perm gen  total 12288K, used 8339K [0x8e800000, 0x8f400000, 0x92800000)
   the space 12288K,  67% used [0x8e800000, 0x8f024dd8, 0x8f024e00, 0x8f400000)
    ro space 10240K,  60% used [0x92800000, 0x92e00d38, 0x92e00e00, 0x93200000)
    rw space 12288K,  59% used [0x93200000, 0x9391e858, 0x9391ea00, 0x93e00000)
}
Event: 1404.842 GC heap before
{Heap before GC invocations=1316 (full 8):
 def new generation   total 131328K, used 122175K [0x6e800000, 0x77670000, 0x792a0000)
  eden space 116800K, 100% used [0x6e800000, 0x75a10000, 0x75a10000)
  from space 14528K,  37% used [0x75a10000, 0x75f4fde0, 0x76840000)
  to   space 14528K,   0% used [0x76840000, 0x76840000, 0x77670000)
 tenured generation   total 291640K, used 271132K [0x792a0000, 0x8af6e000, 0x8e800000)
   the space 291640K,  92% used [0x792a0000, 0x89b67340, 0x89b67400, 0x8af6e000)
 compacting perm gen  total 12288K, used 8339K [0x8e800000, 0x8f400000, 0x92800000)
   the space 12288K,  67% used [0x8e800000, 0x8f024dd8, 0x8f024e00, 0x8f400000)
    ro space 10240K,  60% used [0x92800000, 0x92e00d38, 0x92e00e00, 0x93200000)
    rw space 12288K,  59% used [0x93200000, 0x9391e858, 0x9391ea00, 0x93e00000)
Event: 1404.866 GC heap after
Heap after GC invocations=1317 (full 8):
 def new generation   total 131328K, used 5587K [0x6e800000, 0x77670000, 0x792a0000)
  eden space 116800K,   0% used [0x6e800000, 0x6e800000, 0x75a10000)
  from space 14528K,  38% used [0x76840000, 0x76db4ee0, 0x77670000)
  to   space 14528K,   0% used [0x75a10000, 0x75a10000, 0x76840000)
 tenured generation   total 291640K, used 271497K [0x792a0000, 0x8af6e000, 0x8e800000)
   the space 291640K,  93% used [0x792a0000, 0x89bc2488, 0x89bc2600, 0x8af6e000)
 compacting perm gen  total 12288K, used 8339K [0x8e800000, 0x8f400000, 0x92800000)
   the space 12288K,  67% used [0x8e800000, 0x8f024dd8, 0x8f024e00, 0x8f400000)
    ro space 10240K,  60% used [0x92800000, 0x92e00d38, 0x92e00e00, 0x93200000)
    rw space 12288K,  59% used [0x93200000, 0x9391e858, 0x9391ea00, 0x93e00000)
}
Event: 1406.704 GC heap before
{Heap before GC invocations=1317 (full 8):
 def new generation   total 131328K, used 53159K [0x6e800000, 0x77670000, 0x792a0000)
  eden space 116800K,  40% used [0x6e800000, 0x71674e88, 0x75a10000)
  from space 14528K,  38% used [0x76840000, 0x76db4ee0, 0x77670000)
  to   space 14528K,   0% used [0x75a10000, 0x75a10000, 0x76840000)
 tenured generation   total 291640K, used 271497K [0x792a0000, 0x8af6e000, 0x8e800000)
   the space 291640K,  93% used [0x792a0000, 0x89bc2488, 0x89bc2600, 0x8af6e000)
 compacting perm gen  total 12288K, used 8339K [0x8e800000, 0x8f400000, 0x92800000)
   the space 12288K,  67% used [0x8e800000, 0x8f024dd8, 0x8f024e00, 0x8f400000)
    ro space 10240K,  60% used [0x92800000, 0x92e00d38, 0x92e00e00, 0x93200000)
    rw space 12288K,  59% used [0x93200000, 0x9391e858, 0x9391ea00, 0x93e00000)

