# JRE version: OpenJDK Runtime Environment (7.0_121) (build 1.7.0_121-b00)
# Java VM: OpenJDK Client VM (24.121-b00 mixed mode, sharing linux-x86 )
Heap
 def new generation   total 52416K, used 0K [0x6e800000, 0x720d0000, 0x792a0000)
  eden space 46656K,   0% used [0x6e800000, 0x6e800000, 0x71590000)
  from space 5760K,   0% used [0x71b30000, 0x71b30000, 0x720d0000)
  to   space 5760K,   0% used [0x71590000, 0x71590000, 0x71b30000)
 tenured generation   total 116248K, used 115860K [0x792a0000, 0x80426000, 0x8e800000)
   the space 116248K,  99% used [0x792a0000, 0x803c5078, 0x803c5200, 0x80426000)
 compacting perm gen  total 12288K, used 9318K [0x8e800000, 0x8f400000, 0x92800000)
   the space 12288K,  75% used [0x8e800000, 0x8f119af8, 0x8f119c00, 0x8f400000)
    ro space 10240K,  60% used [0x92800000, 0x92e00d38, 0x92e00e00, 0x93200000)
    rw space 12288K,  59% used [0x93200000, 0x9391e858, 0x9391ea00, 0x93e00000)
GC Heap History (10 events):
Event: 4482.274 GC heap after
Heap after GC invocations=4983 (full 6):
 def new generation   total 52416K, used 7K [0x6e800000, 0x720d0000, 0x792a0000)
  eden space 46656K,   0% used [0x6e800000, 0x6e800000, 0x71590000)
  from space 5760K,   0% used [0x71b30000, 0x71b31c98, 0x720d0000)
  to   space 5760K,   0% used [0x71590000, 0x71590000, 0x71b30000)
 tenured generation   total 116248K, used 115321K [0x792a0000, 0x80426000, 0x8e800000)
   the space 116248K,  99% used [0x792a0000, 0x8033e578, 0x8033e600, 0x80426000)
 compacting perm gen  total 12288K, used 9306K [0x8e800000, 0x8f400000, 0x92800000)
   the space 12288K,  75% used [0x8e800000, 0x8f116bf0, 0x8f116c00, 0x8f400000)
    ro space 10240K,  60% used [0x92800000, 0x92e00d38, 0x92e00e00, 0x93200000)
    rw space 12288K,  59% used [0x93200000, 0x9391e858, 0x9391ea00, 0x93e00000)
}
Event: 4485.987 GC heap before
{Heap before GC invocations=4983 (full 6):
 def new generation   total 52416K, used 46663K [0x6e800000, 0x720d0000, 0x792a0000)
  eden space 46656K, 100% used [0x6e800000, 0x71590000, 0x71590000)
  from space 5760K,   0% used [0x71b30000, 0x71b31c98, 0x720d0000)
  to   space 5760K,   0% used [0x71590000, 0x71590000, 0x71b30000)
 tenured generation   total 116248K, used 115321K [0x792a0000, 0x80426000, 0x8e800000)
   the space 116248K,  99% used [0x792a0000, 0x8033e578, 0x8033e600, 0x80426000)
 compacting perm gen  total 12288K, used 9306K [0x8e800000, 0x8f400000, 0x92800000)
   the space 12288K,  75% used [0x8e800000, 0x8f116bf0, 0x8f116c00, 0x8f400000)
    ro space 10240K,  60% used [0x92800000, 0x92e00d38, 0x92e00e00, 0x93200000)
    rw space 12288K,  59% used [0x93200000, 0x9391e858, 0x9391ea00, 0x93e00000)
Event: 4485.988 GC heap after
Heap after GC invocations=4984 (full 6):
 def new generation   total 52416K, used 7K [0x6e800000, 0x720d0000, 0x792a0000)
  eden space 46656K,   0% used [0x6e800000, 0x6e800000, 0x71590000)
  from space 5760K,   0% used [0x71590000, 0x71591c98, 0x71b30000)
  to   space 5760K,   0% used [0x71b30000, 0x71b30000, 0x720d0000)
 tenured generation   total 116248K, used 115321K [0x792a0000, 0x80426000, 0x8e800000)
   the space 116248K,  99% used [0x792a0000, 0x8033e578, 0x8033e600, 0x80426000)
 compacting perm gen  total 12288K, used 9306K [0x8e800000, 0x8f400000, 0x92800000)
   the space 12288K,  75% used [0x8e800000, 0x8f116bf0, 0x8f116c00, 0x8f400000)
    ro space 10240K,  60% used [0x92800000, 0x92e00d38, 0x92e00e00, 0x93200000)
    rw space 12288K,  59% used [0x93200000, 0x9391e858, 0x9391ea00, 0x93e00000)
}
Event: 4489.702 GC heap before
{Heap before GC invocations=4984 (full 6):
 def new generation   total 52416K, used 46663K [0x6e800000, 0x720d0000, 0x792a0000)
  eden space 46656K, 100% used [0x6e800000, 0x71590000, 0x71590000)
  from space 5760K,   0% used [0x71590000, 0x71591c98, 0x71b30000)
  to   space 5760K,   0% used [0x71b30000, 0x71b30000, 0x720d0000)
 tenured generation   total 116248K, used 115321K [0x792a0000, 0x80426000, 0x8e800000)
   the space 116248K,  99% used [0x792a0000, 0x8033e578, 0x8033e600, 0x80426000)
 compacting perm gen  total 12288K, used 9306K [0x8e800000, 0x8f400000, 0x92800000)
   the space 12288K,  75% used [0x8e800000, 0x8f116bf0, 0x8f116c00, 0x8f400000)
    ro space 10240K,  60% used [0x92800000, 0x92e00d38, 0x92e00e00, 0x93200000)
    rw space 12288K,  59% used [0x93200000, 0x9391e858, 0x9391ea00, 0x93e00000)
Event: 4489.726 GC heap after
Heap after GC invocations=4985 (full 6):
 def new generation   total 52416K, used 37K [0x6e800000, 0x720d0000, 0x792a0000)
  eden space 46656K,   0% used [0x6e800000, 0x6e800000, 0x71590000)
  from space 5760K,   0% used [0x71b30000, 0x71b39448, 0x720d0000)
  to   space 5760K,   0% used [0x71590000, 0x71590000, 0x71b30000)
 tenured generation   total 116248K, used 115321K [0x792a0000, 0x80426000, 0x8e800000)
   the space 116248K,  99% used [0x792a0000, 0x8033e578, 0x8033e600, 0x80426000)
 compacting perm gen  total 12288K, used 9306K [0x8e800000, 0x8f400000, 0x92800000)
   the space 12288K,  75% used [0x8e800000, 0x8f116bf0, 0x8f116c00, 0x8f400000)
    ro space 10240K,  60% used [0x92800000, 0x92e00d38, 0x92e00e00, 0x93200000)
    rw space 12288K,  59% used [0x93200000, 0x9391e858, 0x9391ea00, 0x93e00000)
}
Event: 4493.012 GC heap before
{Heap before GC invocations=4985 (full 6):
 def new generation   total 52416K, used 46693K [0x6e800000, 0x720d0000, 0x792a0000)
  eden space 46656K, 100% used [0x6e800000, 0x71590000, 0x71590000)
  from space 5760K,   0% used [0x71b30000, 0x71b39448, 0x720d0000)
  to   space 5760K,   0% used [0x71590000, 0x71590000, 0x71b30000)
 tenured generation   total 116248K, used 115321K [0x792a0000, 0x80426000, 0x8e800000)
   the space 116248K,  99% used [0x792a0000, 0x8033e578, 0x8033e600, 0x80426000)
 compacting perm gen  total 12288K, used 9307K [0x8e800000, 0x8f400000, 0x92800000)
   the space 12288K,  75% used [0x8e800000, 0x8f116c00, 0x8f116c00, 0x8f400000)
    ro space 10240K,  60% used [0x92800000, 0x92e00d38, 0x92e00e00, 0x93200000)
    rw space 12288K,  59% used [0x93200000, 0x9391e858, 0x9391ea00, 0x93e00000)
Event: 4493.013 GC heap after
Heap after GC invocations=4986 (full 6):
 def new generation   total 52416K, used 77K [0x6e800000, 0x720d0000, 0x792a0000)
  eden space 46656K,   0% used [0x6e800000, 0x6e800000, 0x71590000)
  from space 5760K,   1% used [0x71590000, 0x715a3598, 0x71b30000)
  to   space 5760K,   0% used [0x71b30000, 0x71b30000, 0x720d0000)
 tenured generation   total 116248K, used 115321K [0x792a0000, 0x80426000, 0x8e800000)
   the space 116248K,  99% used [0x792a0000, 0x8033e578, 0x8033e600, 0x80426000)
 compacting perm gen  total 12288K, used 9307K [0x8e800000, 0x8f400000, 0x92800000)
   the space 12288K,  75% used [0x8e800000, 0x8f116c00, 0x8f116c00, 0x8f400000)
    ro space 10240K,  60% used [0x92800000, 0x92e00d38, 0x92e00e00, 0x93200000)
    rw space 12288K,  59% used [0x93200000, 0x9391e858, 0x9391ea00, 0x93e00000)
}
Event: 4494.323 GC heap before
{Heap before GC invocations=4986 (full 6):
 def new generation   total 52416K, used 46733K [0x6e800000, 0x720d0000, 0x792a0000)
  eden space 46656K, 100% used [0x6e800000, 0x71590000, 0x71590000)
  from space 5760K,   1% used [0x71590000, 0x715a3598, 0x71b30000)
  to   space 5760K,   0% used [0x71b30000, 0x71b30000, 0x720d0000)
 tenured generation   total 116248K, used 115321K [0x792a0000, 0x80426000, 0x8e800000)
   the space 116248K,  99% used [0x792a0000, 0x8033e578, 0x8033e600, 0x80426000)
 compacting perm gen  total 12288K, used 9315K [0x8e800000, 0x8f400000, 0x92800000)
   the space 12288K,  75% used [0x8e800000, 0x8f118f10, 0x8f119000, 0x8f400000)
    ro space 10240K,  60% used [0x92800000, 0x92e00d38, 0x92e00e00, 0x93200000)
    rw space 12288K,  59% used [0x93200000, 0x9391e858, 0x9391ea00, 0x93e00000)
Event: 4494.327 GC heap after
Heap after GC invocations=4987 (full 6):
 def new generation   total 52416K, used 343K [0x6e800000, 0x720d0000, 0x792a0000)
  eden space 46656K,   0% used [0x6e800000, 0x6e800000, 0x71590000)
  from space 5760K,   5% used [0x71b30000, 0x71b85d78, 0x720d0000)
  to   space 5760K,   0% used [0x71590000, 0x71590000, 0x71b30000)
 tenured generation   total 116248K, used 115321K [0x792a0000, 0x80426000, 0x8e800000)
   the space 116248K,  99% used [0x792a0000, 0x8033e578, 0x8033e600, 0x80426000)
 compacting perm gen  total 12288K, used 9315K [0x8e800000, 0x8f400000, 0x92800000)
   the space 12288K,  75% used [0x8e800000, 0x8f118f10, 0x8f119000, 0x8f400000)
    ro space 10240K,  60% used [0x92800000, 0x92e00d38, 0x92e00e00, 0x93200000)
    rw space 12288K,  59% used [0x93200000, 0x9391e858, 0x9391ea00, 0x93e00000)
}
Event: 4494.534 GC heap before
{Heap before GC invocations=4987 (full 6):
 def new generation   total 52416K, used 25676K [0x6e800000, 0x720d0000, 0x792a0000)
  eden space 46656K,  54% used [0x6e800000, 0x700bd2e0, 0x71590000)
  from space 5760K,   5% used [0x71b30000, 0x71b85d78, 0x720d0000)
  to   space 5760K,   0% used [0x71590000, 0x71590000, 0x71b30000)
 tenured generation   total 116248K, used 115321K [0x792a0000, 0x80426000, 0x8e800000)
   the space 116248K,  99% used [0x792a0000, 0x8033e578, 0x8033e600, 0x80426000)
 compacting perm gen  total 12288K, used 9318K [0x8e800000, 0x8f400000, 0x92800000)
   the space 12288K,  75% used [0x8e800000, 0x8f119af8, 0x8f119c00, 0x8f400000)
    ro space 10240K,  60% used [0x92800000, 0x92e00d38, 0x92e00e00, 0x93200000)
    rw space 12288K,  59% used [0x93200000, 0x9391e858, 0x9391ea00, 0x93e00000)

