# JRE version: OpenJDK Runtime Environment (7.0_121) (build 1.7.0_121-b00)
# Java VM: OpenJDK Client VM (24.121-b00 mixed mode, sharing linux-x86 )
Heap
 def new generation   total 34752K, used 3836K [0x6e800000, 0x70db0000, 0x792a0000)
  eden space 30912K,  12% used [0x6e800000, 0x6ebbf3f0, 0x70630000)
  from space 3840K,   0% used [0x70630000, 0x70630000, 0x709f0000)
  to   space 3840K,   0% used [0x709f0000, 0x709f0000, 0x70db0000)
 tenured generation   total 79532K, used 79449K [0x792a0000, 0x7e04b000, 0x8e800000)
   the space 79532K,  99% used [0x792a0000, 0x7e036660, 0x7e036800, 0x7e04b000)
 compacting perm gen  total 12288K, used 7834K [0x8e800000, 0x8f400000, 0x92800000)
   the space 12288K,  63% used [0x8e800000, 0x8efa6b48, 0x8efa6c00, 0x8f400000)
    ro space 10240K,  60% used [0x92800000, 0x92e00d38, 0x92e00e00, 0x93200000)
    rw space 12288K,  59% used [0x93200000, 0x9391e858, 0x9391ea00, 0x93e00000)
GC Heap History (10 events):
Event: 166.390 GC heap after
Heap after GC invocations=36 (full 3):
 def new generation   total 18752K, used 2048K [0x6e800000, 0x6fc50000, 0x792a0000)
  eden space 16704K,   0% used [0x6e800000, 0x6e800000, 0x6f850000)
  from space 2048K, 100% used [0x6fa50000, 0x6fc50000, 0x6fc50000)
  to   space 2048K,   0% used [0x6f850000, 0x6f850000, 0x6fa50000)
 tenured generation   total 41568K, used 34365K [0x792a0000, 0x7bb38000, 0x8e800000)
   the space 41568K,  82% used [0x792a0000, 0x7b42f538, 0x7b42f600, 0x7bb38000)
 compacting perm gen  total 12288K, used 7692K [0x8e800000, 0x8f400000, 0x92800000)
   the space 12288K,  62% used [0x8e800000, 0x8ef83100, 0x8ef83200, 0x8f400000)
    ro space 10240K,  60% used [0x92800000, 0x92e00d38, 0x92e00e00, 0x93200000)
    rw space 12288K,  59% used [0x93200000, 0x9391e858, 0x9391ea00, 0x93e00000)
}
Event: 166.686 GC heap before
{Heap before GC invocations=36 (full 3):
 def new generation   total 18752K, used 18603K [0x6e800000, 0x6fc50000, 0x792a0000)
  eden space 16704K,  99% used [0x6e800000, 0x6f82aed8, 0x6f850000)
  from space 2048K, 100% used [0x6fa50000, 0x6fc50000, 0x6fc50000)
  to   space 2048K,   0% used [0x6f850000, 0x6f850000, 0x6fa50000)
 tenured generation   total 41568K, used 34365K [0x792a0000, 0x7bb38000, 0x8e800000)
   the space 41568K,  82% used [0x792a0000, 0x7b42f538, 0x7b42f600, 0x7bb38000)
 compacting perm gen  total 12288K, used 7712K [0x8e800000, 0x8f400000, 0x92800000)
   the space 12288K,  62% used [0x8e800000, 0x8ef88260, 0x8ef88400, 0x8f400000)
    ro space 10240K,  60% used [0x92800000, 0x92e00d38, 0x92e00e00, 0x93200000)
    rw space 12288K,  59% used [0x93200000, 0x9391e858, 0x9391ea00, 0x93e00000)
Event: 166.794 GC heap after
Heap after GC invocations=37 (full 4):
 def new generation   total 34752K, used 1181K [0x6e800000, 0x70db0000, 0x792a0000)
  eden space 30912K,   3% used [0x6e800000, 0x6e927528, 0x70630000)
  from space 3840K,   0% used [0x70630000, 0x70630000, 0x709f0000)
  to   space 3840K,   0% used [0x709f0000, 0x709f0000, 0x70db0000)
 tenured generation   total 77100K, used 46259K [0x792a0000, 0x7ddeb000, 0x8e800000)
   the space 77100K,  59% used [0x792a0000, 0x7bfccee0, 0x7bfcd000, 0x7ddeb000)
 compacting perm gen  total 12288K, used 7701K [0x8e800000, 0x8f400000, 0x92800000)
   the space 12288K,  62% used [0x8e800000, 0x8ef856d8, 0x8ef85800, 0x8f400000)
    ro space 10240K,  60% used [0x92800000, 0x92e00d38, 0x92e00e00, 0x93200000)
    rw space 12288K,  59% used [0x93200000, 0x9391e858, 0x9391ea00, 0x93e00000)
}
Event: 167.341 GC heap before
{Heap before GC invocations=37 (full 4):
 def new generation   total 34752K, used 30912K [0x6e800000, 0x70db0000, 0x792a0000)
  eden space 30912K, 100% used [0x6e800000, 0x70630000, 0x70630000)
  from space 3840K,   0% used [0x70630000, 0x70630000, 0x709f0000)
  to   space 3840K,   0% used [0x709f0000, 0x709f0000, 0x70db0000)
 tenured generation   total 77100K, used 46259K [0x792a0000, 0x7ddeb000, 0x8e800000)
   the space 77100K,  59% used [0x792a0000, 0x7bfccee0, 0x7bfcd000, 0x7ddeb000)
 compacting perm gen  total 12288K, used 7701K [0x8e800000, 0x8f400000, 0x92800000)
   the space 12288K,  62% used [0x8e800000, 0x8ef856e8, 0x8ef85800, 0x8f400000)
    ro space 10240K,  60% used [0x92800000, 0x92e00d38, 0x92e00e00, 0x93200000)
    rw space 12288K,  59% used [0x93200000, 0x9391e858, 0x9391ea00, 0x93e00000)
Event: 167.373 GC heap after
Heap after GC invocations=38 (full 4):
 def new generation   total 34752K, used 3840K [0x6e800000, 0x70db0000, 0x792a0000)
  eden space 30912K,   0% used [0x6e800000, 0x6e800000, 0x70630000)
  from space 3840K, 100% used [0x709f0000, 0x70db0000, 0x70db0000)
  to   space 3840K,   0% used [0x70630000, 0x70630000, 0x709f0000)
 tenured generation   total 77100K, used 58170K [0x792a0000, 0x7ddeb000, 0x8e800000)
   the space 77100K,  75% used [0x792a0000, 0x7cb6ead0, 0x7cb6ec00, 0x7ddeb000)
 compacting perm gen  total 12288K, used 7701K [0x8e800000, 0x8f400000, 0x92800000)
   the space 12288K,  62% used [0x8e800000, 0x8ef856e8, 0x8ef85800, 0x8f400000)
    ro space 10240K,  60% used [0x92800000, 0x92e00d38, 0x92e00e00, 0x93200000)
    rw space 12288K,  59% used [0x93200000, 0x9391e858, 0x9391ea00, 0x93e00000)
}
Event: 192.886 GC heap before
{Heap before GC invocations=38 (full 4):
 def new generation   total 34752K, used 34752K [0x6e800000, 0x70db0000, 0x792a0000)
  eden space 30912K, 100% used [0x6e800000, 0x70630000, 0x70630000)
  from space 3840K, 100% used [0x709f0000, 0x70db0000, 0x70db0000)
  to   space 3840K,   0% used [0x70630000, 0x70630000, 0x709f0000)
 tenured generation   total 77100K, used 58170K [0x792a0000, 0x7ddeb000, 0x8e800000)
   the space 77100K,  75% used [0x792a0000, 0x7cb6ead0, 0x7cb6ec00, 0x7ddeb000)
 compacting perm gen  total 12288K, used 7834K [0x8e800000, 0x8f400000, 0x92800000)
   the space 12288K,  63% used [0x8e800000, 0x8efa6988, 0x8efa6a00, 0x8f400000)
    ro space 10240K,  60% used [0x92800000, 0x92e00d38, 0x92e00e00, 0x93200000)
    rw space 12288K,  59% used [0x93200000, 0x9391e858, 0x9391ea00, 0x93e00000)
Event: 192.891 GC heap after
Heap after GC invocations=39 (full 4):
 def new generation   total 34752K, used 364K [0x6e800000, 0x70db0000, 0x792a0000)
  eden space 30912K,   0% used [0x6e800000, 0x6e800000, 0x70630000)
  from space 3840K,   9% used [0x70630000, 0x7068b3d8, 0x709f0000)
  to   space 3840K,   0% used [0x709f0000, 0x709f0000, 0x70db0000)
 tenured generation   total 77100K, used 62003K [0x792a0000, 0x7ddeb000, 0x8e800000)
   the space 77100K,  80% used [0x792a0000, 0x7cf2ce98, 0x7cf2d000, 0x7ddeb000)
 compacting perm gen  total 12288K, used 7834K [0x8e800000, 0x8f400000, 0x92800000)
   the space 12288K,  63% used [0x8e800000, 0x8efa6988, 0x8efa6a00, 0x8f400000)
    ro space 10240K,  60% used [0x92800000, 0x92e00d38, 0x92e00e00, 0x93200000)
    rw space 12288K,  59% used [0x93200000, 0x9391e858, 0x9391ea00, 0x93e00000)
}
Event: 257.804 GC heap before
{Heap before GC invocations=39 (full 4):
 def new generation   total 34752K, used 30959K [0x6e800000, 0x70db0000, 0x792a0000)
  eden space 30912K,  98% used [0x6e800000, 0x705e0a08, 0x70630000)
  from space 3840K,   9% used [0x70630000, 0x7068b3d8, 0x709f0000)
  to   space 3840K,   0% used [0x709f0000, 0x709f0000, 0x70db0000)
 tenured generation   total 77100K, used 62003K [0x792a0000, 0x7ddeb000, 0x8e800000)
   the space 77100K,  80% used [0x792a0000, 0x7cf2ce98, 0x7cf2d000, 0x7ddeb000)
 compacting perm gen  total 12288K, used 7834K [0x8e800000, 0x8f400000, 0x92800000)
   the space 12288K,  63% used [0x8e800000, 0x8efa6b48, 0x8efa6c00, 0x8f400000)
    ro space 10240K,  60% used [0x92800000, 0x92e00d38, 0x92e00e00, 0x93200000)
    rw space 12288K,  59% used [0x93200000, 0x9391e858, 0x9391ea00, 0x93e00000)
Event: 257.809 GC heap after
Heap after GC invocations=40 (full 4):
 def new generation   total 34752K, used 3840K [0x6e800000, 0x70db0000, 0x792a0000)
  eden space 30912K,   0% used [0x6e800000, 0x6e800000, 0x70630000)
  from space 3840K, 100% used [0x709f0000, 0x70db0000, 0x70db0000)
  to   space 3840K,   0% used [0x70630000, 0x70630000, 0x709f0000)
 tenured generation   total 77100K, used 62727K [0x792a0000, 0x7ddeb000, 0x8e800000)
   the space 77100K,  81% used [0x792a0000, 0x7cfe1ea0, 0x7cfe2000, 0x7ddeb000)
 compacting perm gen  total 12288K, used 7834K [0x8e800000, 0x8f400000, 0x92800000)
   the space 12288K,  63% used [0x8e800000, 0x8efa6b48, 0x8efa6c00, 0x8f400000)
    ro space 10240K,  60% used [0x92800000, 0x92e00d38, 0x92e00e00, 0x93200000)
    rw space 12288K,  59% used [0x93200000, 0x9391e858, 0x9391ea00, 0x93e00000)
}
Event: 259.451 GC heap before
{Heap before GC invocations=40 (full 4):
 def new generation   total 34752K, used 34752K [0x6e800000, 0x70db0000, 0x792a0000)
  eden space 30912K, 100% used [0x6e800000, 0x70630000, 0x70630000)
  from space 3840K, 100% used [0x709f0000, 0x70db0000, 0x70db0000)
  to   space 3840K,   0% used [0x70630000, 0x70630000, 0x709f0000)
 tenured generation   total 77100K, used 62727K [0x792a0000, 0x7ddeb000, 0x8e800000)
   the space 77100K,  81% used [0x792a0000, 0x7cfe1ea0, 0x7cfe2000, 0x7ddeb000)
 compacting perm gen  total 12288K, used 7834K [0x8e800000, 0x8f400000, 0x92800000)
   the space 12288K,  63% used [0x8e800000, 0x8efa6b48, 0x8efa6c00, 0x8f400000)
    ro space 10240K,  60% used [0x92800000, 0x92e00d38, 0x92e00e00, 0x93200000)
    rw space 12288K,  59% used [0x93200000, 0x9391e858, 0x9391ea00, 0x93e00000)

