# JRE version: OpenJDK Runtime Environment (7.0_121) (build 1.7.0_121-b00)
# Java VM: OpenJDK Client VM (24.121-b00 mixed mode, sharing linux-x86 )
Heap
 def new generation   total 328896K, used 0K [0x2e800000, 0x44ce0000, 0x4e800000)
  eden space 292352K,   0% used [0x2e800000, 0x2e800000, 0x40580000)
  from space 36544K,   0% used [0x40580000, 0x40580000, 0x42930000)
  to   space 36544K,   0% used [0x42930000, 0x42930000, 0x44ce0000)
 tenured generation   total 735648K, used 711466K [0x4e800000, 0x7b668000, 0x8e800000)
   the space 735648K,  96% used [0x4e800000, 0x79ecab10, 0x79ecac00, 0x7b668000)
 compacting perm gen  total 12288K, used 10152K [0x8e800000, 0x8f400000, 0x92800000)
   the space 12288K,  82% used [0x8e800000, 0x8f1ea160, 0x8f1ea200, 0x8f400000)
    ro space 10240K,  60% used [0x92800000, 0x92e00d38, 0x92e00e00, 0x93200000)
    rw space 12288K,  59% used [0x93200000, 0x9391e858, 0x9391ea00, 0x93e00000)
GC Heap History (10 events):
Event: 26384.660 GC heap after
Heap after GC invocations=5506 (full 11):
 def new generation   total 328896K, used 6762K [0x2e800000, 0x44ce0000, 0x4e800000)
  eden space 292352K,   0% used [0x2e800000, 0x2e800000, 0x40580000)
  from space 36544K,  18% used [0x42930000, 0x42fca910, 0x44ce0000)
  to   space 36544K,   0% used [0x40580000, 0x40580000, 0x42930000)
 tenured generation   total 730796K, used 730568K [0x4e800000, 0x7b1ab000, 0x8e800000)
   the space 730796K,  99% used [0x4e800000, 0x7b172080, 0x7b172200, 0x7b1ab000)
 compacting perm gen  total 12288K, used 10198K [0x8e800000, 0x8f400000, 0x92800000)
   the space 12288K,  82% used [0x8e800000, 0x8f1f5bd8, 0x8f1f5c00, 0x8f400000)
    ro space 10240K,  60% used [0x92800000, 0x92e00d38, 0x92e00e00, 0x93200000)
    rw space 12288K,  59% used [0x93200000, 0x9391e858, 0x9391ea00, 0x93e00000)
}
Event: 26389.373 GC heap before
{Heap before GC invocations=5506 (full 11):
 def new generation   total 328896K, used 299114K [0x2e800000, 0x44ce0000, 0x4e800000)
  eden space 292352K, 100% used [0x2e800000, 0x40580000, 0x40580000)
  from space 36544K,  18% used [0x42930000, 0x42fca910, 0x44ce0000)
  to   space 36544K,   0% used [0x40580000, 0x40580000, 0x42930000)
 tenured generation   total 730796K, used 730568K [0x4e800000, 0x7b1ab000, 0x8e800000)
   the space 730796K,  99% used [0x4e800000, 0x7b172080, 0x7b172200, 0x7b1ab000)
 compacting perm gen  total 12288K, used 10198K [0x8e800000, 0x8f400000, 0x92800000)
   the space 12288K,  82% used [0x8e800000, 0x8f1f5bd8, 0x8f1f5c00, 0x8f400000)
    ro space 10240K,  60% used [0x92800000, 0x92e00d38, 0x92e00e00, 0x93200000)
    rw space 12288K,  59% used [0x93200000, 0x9391e858, 0x9391ea00, 0x93e00000)
Event: 26389.380 GC heap after
Heap after GC invocations=5507 (full 11):
 def new generation   total 328896K, used 7020K [0x2e800000, 0x44ce0000, 0x4e800000)
  eden space 292352K,   0% used [0x2e800000, 0x2e800000, 0x40580000)
  from space 36544K,  19% used [0x40580000, 0x40c5b118, 0x42930000)
  to   space 36544K,   0% used [0x42930000, 0x42930000, 0x44ce0000)
 tenured generation   total 730796K, used 730568K [0x4e800000, 0x7b1ab000, 0x8e800000)
   the space 730796K,  99% used [0x4e800000, 0x7b172080, 0x7b172200, 0x7b1ab000)
 compacting perm gen  total 12288K, used 10198K [0x8e800000, 0x8f400000, 0x92800000)
   the space 12288K,  82% used [0x8e800000, 0x8f1f5bd8, 0x8f1f5c00, 0x8f400000)
    ro space 10240K,  60% used [0x92800000, 0x92e00d38, 0x92e00e00, 0x93200000)
    rw space 12288K,  59% used [0x93200000, 0x9391e858, 0x9391ea00, 0x93e00000)
}
Event: 26394.064 GC heap before
{Heap before GC invocations=5507 (full 11):
 def new generation   total 328896K, used 299372K [0x2e800000, 0x44ce0000, 0x4e800000)
  eden space 292352K, 100% used [0x2e800000, 0x40580000, 0x40580000)
  from space 36544K,  19% used [0x40580000, 0x40c5b138, 0x42930000)
  to   space 36544K,   0% used [0x42930000, 0x42930000, 0x44ce0000)
 tenured generation   total 730796K, used 730568K [0x4e800000, 0x7b1ab000, 0x8e800000)
   the space 730796K,  99% used [0x4e800000, 0x7b172080, 0x7b172200, 0x7b1ab000)
 compacting perm gen  total 12288K, used 10198K [0x8e800000, 0x8f400000, 0x92800000)
   the space 12288K,  82% used [0x8e800000, 0x8f1f5bf8, 0x8f1f5c00, 0x8f400000)
    ro space 10240K,  60% used [0x92800000, 0x92e00d38, 0x92e00e00, 0x93200000)
    rw space 12288K,  59% used [0x93200000, 0x9391e858, 0x9391ea00, 0x93e00000)
Event: 26394.072 GC heap after
Heap after GC invocations=5508 (full 11):
 def new generation   total 328896K, used 7410K [0x2e800000, 0x44ce0000, 0x4e800000)
  eden space 292352K,   0% used [0x2e800000, 0x2e800000, 0x40580000)
  from space 36544K,  20% used [0x42930000, 0x4306c8d8, 0x44ce0000)
  to   space 36544K,   0% used [0x40580000, 0x40580000, 0x42930000)
 tenured generation   total 730796K, used 730568K [0x4e800000, 0x7b1ab000, 0x8e800000)
   the space 730796K,  99% used [0x4e800000, 0x7b172080, 0x7b172200, 0x7b1ab000)
 compacting perm gen  total 12288K, used 10198K [0x8e800000, 0x8f400000, 0x92800000)
   the space 12288K,  82% used [0x8e800000, 0x8f1f5bf8, 0x8f1f5c00, 0x8f400000)
    ro space 10240K,  60% used [0x92800000, 0x92e00d38, 0x92e00e00, 0x93200000)
    rw space 12288K,  59% used [0x93200000, 0x9391e858, 0x9391ea00, 0x93e00000)
}
Event: 26398.448 GC heap before
{Heap before GC invocations=5508 (full 11):
 def new generation   total 328896K, used 299762K [0x2e800000, 0x44ce0000, 0x4e800000)
  eden space 292352K, 100% used [0x2e800000, 0x40580000, 0x40580000)
  from space 36544K,  20% used [0x42930000, 0x4306c8d8, 0x44ce0000)
  to   space 36544K,   0% used [0x40580000, 0x40580000, 0x42930000)
 tenured generation   total 730796K, used 730568K [0x4e800000, 0x7b1ab000, 0x8e800000)
   the space 730796K,  99% used [0x4e800000, 0x7b172080, 0x7b172200, 0x7b1ab000)
 compacting perm gen  total 12288K, used 10198K [0x8e800000, 0x8f400000, 0x92800000)
   the space 12288K,  82% used [0x8e800000, 0x8f1f5bf8, 0x8f1f5c00, 0x8f400000)
    ro space 10240K,  60% used [0x92800000, 0x92e00d38, 0x92e00e00, 0x93200000)
    rw space 12288K,  59% used [0x93200000, 0x9391e858, 0x9391ea00, 0x93e00000)
Event: 26398.459 GC heap after
Heap after GC invocations=5509 (full 11):
 def new generation   total 328896K, used 8162K [0x2e800000, 0x44ce0000, 0x4e800000)
  eden space 292352K,   0% used [0x2e800000, 0x2e800000, 0x40580000)
  from space 36544K,  22% used [0x40580000, 0x40d78b88, 0x42930000)
  to   space 36544K,   0% used [0x42930000, 0x42930000, 0x44ce0000)
 tenured generation   total 730796K, used 730568K [0x4e800000, 0x7b1ab000, 0x8e800000)
   the space 730796K,  99% used [0x4e800000, 0x7b172080, 0x7b172200, 0x7b1ab000)
 compacting perm gen  total 12288K, used 10198K [0x8e800000, 0x8f400000, 0x92800000)
   the space 12288K,  82% used [0x8e800000, 0x8f1f5bf8, 0x8f1f5c00, 0x8f400000)
    ro space 10240K,  60% used [0x92800000, 0x92e00d38, 0x92e00e00, 0x93200000)
    rw space 12288K,  59% used [0x93200000, 0x9391e858, 0x9391ea00, 0x93e00000)
}
Event: 26403.124 GC heap before
{Heap before GC invocations=5509 (full 11):
 def new generation   total 328896K, used 300514K [0x2e800000, 0x44ce0000, 0x4e800000)
  eden space 292352K, 100% used [0x2e800000, 0x40580000, 0x40580000)
  from space 36544K,  22% used [0x40580000, 0x40d78b88, 0x42930000)
  to   space 36544K,   0% used [0x42930000, 0x42930000, 0x44ce0000)
 tenured generation   total 730796K, used 730568K [0x4e800000, 0x7b1ab000, 0x8e800000)
   the space 730796K,  99% used [0x4e800000, 0x7b172080, 0x7b172200, 0x7b1ab000)
 compacting perm gen  total 12288K, used 10198K [0x8e800000, 0x8f400000, 0x92800000)
   the space 12288K,  82% used [0x8e800000, 0x8f1f5bf8, 0x8f1f5c00, 0x8f400000)
    ro space 10240K,  60% used [0x92800000, 0x92e00d38, 0x92e00e00, 0x93200000)
    rw space 12288K,  59% used [0x93200000, 0x9391e858, 0x9391ea00, 0x93e00000)
Event: 26403.135 GC heap after
Heap after GC invocations=5510 (full 11):
 def new generation   total 328896K, used 9013K [0x2e800000, 0x44ce0000, 0x4e800000)
  eden space 292352K,   0% used [0x2e800000, 0x2e800000, 0x40580000)
  from space 36544K,  24% used [0x42930000, 0x431fd668, 0x44ce0000)
  to   space 36544K,   0% used [0x40580000, 0x40580000, 0x42930000)
 tenured generation   total 730796K, used 730568K [0x4e800000, 0x7b1ab000, 0x8e800000)
   the space 730796K,  99% used [0x4e800000, 0x7b172080, 0x7b172200, 0x7b1ab000)
 compacting perm gen  total 12288K, used 10198K [0x8e800000, 0x8f400000, 0x92800000)
   the space 12288K,  82% used [0x8e800000, 0x8f1f5bf8, 0x8f1f5c00, 0x8f400000)
    ro space 10240K,  60% used [0x92800000, 0x92e00d38, 0x92e00e00, 0x93200000)
    rw space 12288K,  59% used [0x93200000, 0x9391e858, 0x9391ea00, 0x93e00000)
}
Event: 26408.455 GC heap before
{Heap before GC invocations=5510 (full 11):
 def new generation   total 328896K, used 301365K [0x2e800000, 0x44ce0000, 0x4e800000)
  eden space 292352K, 100% used [0x2e800000, 0x40580000, 0x40580000)
  from space 36544K,  24% used [0x42930000, 0x431fd668, 0x44ce0000)
  to   space 36544K,   0% used [0x40580000, 0x40580000, 0x42930000)
 tenured generation   total 730796K, used 730568K [0x4e800000, 0x7b1ab000, 0x8e800000)
   the space 730796K,  99% used [0x4e800000, 0x7b172080, 0x7b172200, 0x7b1ab000)
 compacting perm gen  total 12288K, used 10198K [0x8e800000, 0x8f400000, 0x92800000)
   the space 12288K,  82% used [0x8e800000, 0x8f1f5bf8, 0x8f1f5c00, 0x8f400000)
    ro space 10240K,  60% used [0x92800000, 0x92e00d38, 0x92e00e00, 0x93200000)
    rw space 12288K,  59% used [0x93200000, 0x9391e858, 0x9391ea00, 0x93e00000)

