# JRE version: OpenJDK Runtime Environment (7.0_111-b01) (build 1.7.0_111-b01)
# Java VM: OpenJDK Client VM (24.111-b01 mixed mode, sharing linux-x86 )
Heap
 def new generation   total 73280K, used 8126K [0x6e800000, 0x73780000, 0x792a0000)
  eden space 65152K,  12% used [0x6e800000, 0x6efef9a8, 0x727a0000)
  from space 8128K,   0% used [0x727a0000, 0x727a0000, 0x72f90000)
  to   space 8128K,   0% used [0x72f90000, 0x72f90000, 0x73780000)
 tenured generation   total 175864K, used 175783K [0x792a0000, 0x83e5e000, 0x8e800000)
   the space 175864K,  99% used [0x792a0000, 0x83e49c00, 0x83e49c00, 0x83e5e000)
 compacting perm gen  total 12288K, used 8808K [0x8e800000, 0x8f400000, 0x92800000)
   the space 12288K,  71% used [0x8e800000, 0x8f09a270, 0x8f09a400, 0x8f400000)
    ro space 10240K,  59% used [0x92800000, 0x92dfe3d8, 0x92dfe400, 0x93200000)
    rw space 12288K,  59% used [0x93200000, 0x9391c2b0, 0x9391c400, 0x93e00000)
GC Heap History (10 events):
Event: 176.257 GC heap after
Heap after GC invocations=150 (full 5):
 def new generation   total 50880K, used 46K [0x6e800000, 0x71f30000, 0x792a0000)
  eden space 45248K,   0% used [0x6e800000, 0x6e800000, 0x71430000)
  from space 5632K,   0% used [0x719b0000, 0x719bb9d8, 0x71f30000)
  to   space 5632K,   0% used [0x71430000, 0x71430000, 0x719b0000)
 tenured generation   total 112932K, used 97359K [0x792a0000, 0x800e9000, 0x8e800000)
   the space 112932K,  86% used [0x792a0000, 0x7f1b3f70, 0x7f1b4000, 0x800e9000)
 compacting perm gen  total 12288K, used 8688K [0x8e800000, 0x8f400000, 0x92800000)
   the space 12288K,  70% used [0x8e800000, 0x8f07c060, 0x8f07c200, 0x8f400000)
    ro space 10240K,  59% used [0x92800000, 0x92dfe3d8, 0x92dfe400, 0x93200000)
    rw space 12288K,  59% used [0x93200000, 0x9391c2b0, 0x9391c400, 0x93e00000)
}
Event: 177.456 GC heap before
{Heap before GC invocations=150 (full 5):
 def new generation   total 50880K, used 45294K [0x6e800000, 0x71f30000, 0x792a0000)
  eden space 45248K, 100% used [0x6e800000, 0x71430000, 0x71430000)
  from space 5632K,   0% used [0x719b0000, 0x719bb9d8, 0x71f30000)
  to   space 5632K,   0% used [0x71430000, 0x71430000, 0x719b0000)
 tenured generation   total 112932K, used 97359K [0x792a0000, 0x800e9000, 0x8e800000)
   the space 112932K,  86% used [0x792a0000, 0x7f1b3f70, 0x7f1b4000, 0x800e9000)
 compacting perm gen  total 12288K, used 8755K [0x8e800000, 0x8f400000, 0x92800000)
   the space 12288K,  71% used [0x8e800000, 0x8f08ced8, 0x8f08d000, 0x8f400000)
    ro space 10240K,  59% used [0x92800000, 0x92dfe3d8, 0x92dfe400, 0x93200000)
    rw space 12288K,  59% used [0x93200000, 0x9391c2b0, 0x9391c400, 0x93e00000)
Event: 177.458 GC heap after
Heap after GC invocations=151 (full 5):
 def new generation   total 50880K, used 86K [0x6e800000, 0x71f30000, 0x792a0000)
  eden space 45248K,   0% used [0x6e800000, 0x6e800000, 0x71430000)
  from space 5632K,   1% used [0x71430000, 0x714459d8, 0x719b0000)
  to   space 5632K,   0% used [0x719b0000, 0x719b0000, 0x71f30000)
 tenured generation   total 112932K, used 97359K [0x792a0000, 0x800e9000, 0x8e800000)
   the space 112932K,  86% used [0x792a0000, 0x7f1b3f70, 0x7f1b4000, 0x800e9000)
 compacting perm gen  total 12288K, used 8755K [0x8e800000, 0x8f400000, 0x92800000)
   the space 12288K,  71% used [0x8e800000, 0x8f08ced8, 0x8f08d000, 0x8f400000)
    ro space 10240K,  59% used [0x92800000, 0x92dfe3d8, 0x92dfe400, 0x93200000)
    rw space 12288K,  59% used [0x93200000, 0x9391c2b0, 0x9391c400, 0x93e00000)
}
Event: 178.566 GC heap before
{Heap before GC invocations=151 (full 5):
 def new generation   total 50880K, used 45334K [0x6e800000, 0x71f30000, 0x792a0000)
  eden space 45248K, 100% used [0x6e800000, 0x71430000, 0x71430000)
  from space 5632K,   1% used [0x71430000, 0x714459d8, 0x719b0000)
  to   space 5632K,   0% used [0x719b0000, 0x719b0000, 0x71f30000)
 tenured generation   total 112932K, used 97359K [0x792a0000, 0x800e9000, 0x8e800000)
   the space 112932K,  86% used [0x792a0000, 0x7f1b3f70, 0x7f1b4000, 0x800e9000)
 compacting perm gen  total 12288K, used 8755K [0x8e800000, 0x8f400000, 0x92800000)
   the space 12288K,  71% used [0x8e800000, 0x8f08ced8, 0x8f08d000, 0x8f400000)
    ro space 10240K,  59% used [0x92800000, 0x92dfe3d8, 0x92dfe400, 0x93200000)
    rw space 12288K,  59% used [0x93200000, 0x9391c2b0, 0x9391c400, 0x93e00000)
Event: 178.567 GC heap after
Heap after GC invocations=152 (full 5):
 def new generation   total 50880K, used 103K [0x6e800000, 0x71f30000, 0x792a0000)
  eden space 45248K,   0% used [0x6e800000, 0x6e800000, 0x71430000)
  from space 5632K,   1% used [0x719b0000, 0x719c9e70, 0x71f30000)
  to   space 5632K,   0% used [0x71430000, 0x71430000, 0x719b0000)
 tenured generation   total 112932K, used 97359K [0x792a0000, 0x800e9000, 0x8e800000)
   the space 112932K,  86% used [0x792a0000, 0x7f1b3f70, 0x7f1b4000, 0x800e9000)
 compacting perm gen  total 12288K, used 8755K [0x8e800000, 0x8f400000, 0x92800000)
   the space 12288K,  71% used [0x8e800000, 0x8f08ced8, 0x8f08d000, 0x8f400000)
    ro space 10240K,  59% used [0x92800000, 0x92dfe3d8, 0x92dfe400, 0x93200000)
    rw space 12288K,  59% used [0x93200000, 0x9391c2b0, 0x9391c400, 0x93e00000)
}
Event: 178.833 GC heap before
{Heap before GC invocations=152 (full 5):
 def new generation   total 50880K, used 3910K [0x6e800000, 0x71f30000, 0x792a0000)
  eden space 45248K,   8% used [0x6e800000, 0x6ebb7c60, 0x71430000)
  from space 5632K,   1% used [0x719b0000, 0x719c9e70, 0x71f30000)
  to   space 5632K,   0% used [0x71430000, 0x71430000, 0x719b0000)
 tenured generation   total 112932K, used 97359K [0x792a0000, 0x800e9000, 0x8e800000)
   the space 112932K,  86% used [0x792a0000, 0x7f1b3f70, 0x7f1b4000, 0x800e9000)
 compacting perm gen  total 12288K, used 8772K [0x8e800000, 0x8f400000, 0x92800000)
   the space 12288K,  71% used [0x8e800000, 0x8f091268, 0x8f091400, 0x8f400000)
    ro space 10240K,  59% used [0x92800000, 0x92dfe3d8, 0x92dfe400, 0x93200000)
    rw space 12288K,  59% used [0x93200000, 0x9391c2b0, 0x9391c400, 0x93e00000)
Event: 178.897 GC heap after
Heap after GC invocations=153 (full 6):
 def new generation   total 73280K, used 0K [0x6e800000, 0x73780000, 0x792a0000)
  eden space 65152K,   0% used [0x6e800000, 0x6e800000, 0x727a0000)
  from space 8128K,   0% used [0x727a0000, 0x727a0000, 0x72f90000)
  to   space 8128K,   0% used [0x72f90000, 0x72f90000, 0x73780000)
 tenured generation   total 162732K, used 97638K [0x792a0000, 0x8318b000, 0x8e800000)
   the space 162732K,  59% used [0x792a0000, 0x7f1f9820, 0x7f1f9a00, 0x8318b000)
 compacting perm gen  total 12288K, used 8772K [0x8e800000, 0x8f400000, 0x92800000)
   the space 12288K,  71% used [0x8e800000, 0x8f091268, 0x8f091400, 0x8f400000)
    ro space 10240K,  59% used [0x92800000, 0x92dfe3d8, 0x92dfe400, 0x93200000)
    rw space 12288K,  59% used [0x93200000, 0x9391c2b0, 0x9391c400, 0x93e00000)
}
Event: 196.118 GC heap before
{Heap before GC invocations=153 (full 6):
 def new generation   total 73280K, used 65106K [0x6e800000, 0x73780000, 0x792a0000)
  eden space 65152K,  99% used [0x6e800000, 0x72794810, 0x727a0000)
  from space 8128K,   0% used [0x727a0000, 0x727a0000, 0x72f90000)
  to   space 8128K,   0% used [0x72f90000, 0x72f90000, 0x73780000)
 tenured generation   total 162732K, used 97638K [0x792a0000, 0x8318b000, 0x8e800000)
   the space 162732K,  59% used [0x792a0000, 0x7f1f9820, 0x7f1f9a00, 0x8318b000)
 compacting perm gen  total 12288K, used 8808K [0x8e800000, 0x8f400000, 0x92800000)
   the space 12288K,  71% used [0x8e800000, 0x8f09a230, 0x8f09a400, 0x8f400000)
    ro space 10240K,  59% used [0x92800000, 0x92dfe3d8, 0x92dfe400, 0x93200000)
    rw space 12288K,  59% used [0x93200000, 0x9391c2b0, 0x9391c400, 0x93e00000)
Event: 196.164 GC heap after
Heap after GC invocations=154 (full 6):
 def new generation   total 73280K, used 8128K [0x6e800000, 0x73780000, 0x792a0000)
  eden space 65152K,   0% used [0x6e800000, 0x6e800000, 0x727a0000)
  from space 8128K, 100% used [0x72f90000, 0x73780000, 0x73780000)
  to   space 8128K,   0% used [0x727a0000, 0x727a0000, 0x72f90000)
 tenured generation   total 162732K, used 123708K [0x792a0000, 0x8318b000, 0x8e800000)
   the space 162732K,  76% used [0x792a0000, 0x80b6f280, 0x80b6f400, 0x8318b000)
 compacting perm gen  total 12288K, used 8808K [0x8e800000, 0x8f400000, 0x92800000)
   the space 12288K,  71% used [0x8e800000, 0x8f09a230, 0x8f09a400, 0x8f400000)
    ro space 10240K,  59% used [0x92800000, 0x92dfe3d8, 0x92dfe400, 0x93200000)
    rw space 12288K,  59% used [0x93200000, 0x9391c2b0, 0x9391c400, 0x93e00000)
}
Event: 196.247 GC heap before
{Heap before GC invocations=154 (full 6):
 def new generation   total 73280K, used 73280K [0x6e800000, 0x73780000, 0x792a0000)
  eden space 65152K, 100% used [0x6e800000, 0x727a0000, 0x727a0000)
  from space 8128K, 100% used [0x72f90000, 0x73780000, 0x73780000)
  to   space 8128K,   0% used [0x727a0000, 0x727a0000, 0x72f90000)
 tenured generation   total 162732K, used 123708K [0x792a0000, 0x8318b000, 0x8e800000)
   the space 162732K,  76% used [0x792a0000, 0x80b6f280, 0x80b6f400, 0x8318b000)
 compacting perm gen  total 12288K, used 8808K [0x8e800000, 0x8f400000, 0x92800000)
   the space 12288K,  71% used [0x8e800000, 0x8f09a270, 0x8f09a400, 0x8f400000)
    ro space 10240K,  59% used [0x92800000, 0x92dfe3d8, 0x92dfe400, 0x93200000)
    rw space 12288K,  59% used [0x93200000, 0x9391c2b0, 0x9391c400, 0x93e00000)

