# JRE version: OpenJDK Runtime Environment (7.0_111-b01) (build 1.7.0_111-b01)
# Java VM: OpenJDK Client VM (24.111-b01 mixed mode, sharing linux-x86 )
Heap
 def new generation   total 51392K, used 0K [0x6e800000, 0x71fc0000, 0x792a0000)
  eden space 45696K,   0% used [0x6e800000, 0x6e800000, 0x714a0000)
  from space 5696K,   0% used [0x714a0000, 0x714a0000, 0x71a30000)
  to   space 5696K,   0% used [0x71a30000, 0x71a30000, 0x71fc0000)
 tenured generation   total 114040K, used 95710K [0x792a0000, 0x801fe000, 0x8e800000)
   the space 114040K,  83% used [0x792a0000, 0x7f0178c8, 0x7f017a00, 0x801fe000)
 compacting perm gen  total 12288K, used 8762K [0x8e800000, 0x8f400000, 0x92800000)
   the space 12288K,  71% used [0x8e800000, 0x8f08ea08, 0x8f08ec00, 0x8f400000)
    ro space 10240K,  59% used [0x92800000, 0x92dfe3d8, 0x92dfe400, 0x93200000)
    rw space 12288K,  59% used [0x93200000, 0x9391c2b0, 0x9391c400, 0x93e00000)
GC Heap History (10 events):
Event: 64.180 GC heap after
Heap after GC invocations=36 (full 5):
 def new generation   total 51392K, used 10K [0x6e800000, 0x71fc0000, 0x792a0000)
  eden space 45696K,   0% used [0x6e800000, 0x6e800000, 0x714a0000)
  from space 5696K,   0% used [0x714a0000, 0x714a2b30, 0x71a30000)
  to   space 5696K,   0% used [0x71a30000, 0x71a30000, 0x71fc0000)
 tenured generation   total 114040K, used 95436K [0x792a0000, 0x801fe000, 0x8e800000)
   the space 114040K,  83% used [0x792a0000, 0x7efd3018, 0x7efd3200, 0x801fe000)
 compacting perm gen  total 12288K, used 8678K [0x8e800000, 0x8f400000, 0x92800000)
   the space 12288K,  70% used [0x8e800000, 0x8f079820, 0x8f079a00, 0x8f400000)
    ro space 10240K,  59% used [0x92800000, 0x92dfe3d8, 0x92dfe400, 0x93200000)
    rw space 12288K,  59% used [0x93200000, 0x9391c2b0, 0x9391c400, 0x93e00000)
}
Event: 65.393 GC heap before
{Heap before GC invocations=36 (full 5):
 def new generation   total 51392K, used 45706K [0x6e800000, 0x71fc0000, 0x792a0000)
  eden space 45696K, 100% used [0x6e800000, 0x714a0000, 0x714a0000)
  from space 5696K,   0% used [0x714a0000, 0x714a2b30, 0x71a30000)
  to   space 5696K,   0% used [0x71a30000, 0x71a30000, 0x71fc0000)
 tenured generation   total 114040K, used 95436K [0x792a0000, 0x801fe000, 0x8e800000)
   the space 114040K,  83% used [0x792a0000, 0x7efd3018, 0x7efd3200, 0x801fe000)
 compacting perm gen  total 12288K, used 8678K [0x8e800000, 0x8f400000, 0x92800000)
   the space 12288K,  70% used [0x8e800000, 0x8f079820, 0x8f079a00, 0x8f400000)
    ro space 10240K,  59% used [0x92800000, 0x92dfe3d8, 0x92dfe400, 0x93200000)
    rw space 12288K,  59% used [0x93200000, 0x9391c2b0, 0x9391c400, 0x93e00000)
Event: 65.394 GC heap after
Heap after GC invocations=37 (full 5):
 def new generation   total 51392K, used 24K [0x6e800000, 0x71fc0000, 0x792a0000)
  eden space 45696K,   0% used [0x6e800000, 0x6e800000, 0x714a0000)
  from space 5696K,   0% used [0x71a30000, 0x71a36348, 0x71fc0000)
  to   space 5696K,   0% used [0x714a0000, 0x714a0000, 0x71a30000)
 tenured generation   total 114040K, used 95436K [0x792a0000, 0x801fe000, 0x8e800000)
   the space 114040K,  83% used [0x792a0000, 0x7efd3018, 0x7efd3200, 0x801fe000)
 compacting perm gen  total 12288K, used 8678K [0x8e800000, 0x8f400000, 0x92800000)
   the space 12288K,  70% used [0x8e800000, 0x8f079820, 0x8f079a00, 0x8f400000)
    ro space 10240K,  59% used [0x92800000, 0x92dfe3d8, 0x92dfe400, 0x93200000)
    rw space 12288K,  59% used [0x93200000, 0x9391c2b0, 0x9391c400, 0x93e00000)
}
Event: 67.196 GC heap before
{Heap before GC invocations=37 (full 5):
 def new generation   total 51392K, used 45720K [0x6e800000, 0x71fc0000, 0x792a0000)
  eden space 45696K, 100% used [0x6e800000, 0x714a0000, 0x714a0000)
  from space 5696K,   0% used [0x71a30000, 0x71a36348, 0x71fc0000)
  to   space 5696K,   0% used [0x714a0000, 0x714a0000, 0x71a30000)
 tenured generation   total 114040K, used 95436K [0x792a0000, 0x801fe000, 0x8e800000)
   the space 114040K,  83% used [0x792a0000, 0x7efd3018, 0x7efd3200, 0x801fe000)
 compacting perm gen  total 12288K, used 8678K [0x8e800000, 0x8f400000, 0x92800000)
   the space 12288K,  70% used [0x8e800000, 0x8f079820, 0x8f079a00, 0x8f400000)
    ro space 10240K,  59% used [0x92800000, 0x92dfe3d8, 0x92dfe400, 0x93200000)
    rw space 12288K,  59% used [0x93200000, 0x9391c2b0, 0x9391c400, 0x93e00000)
Event: 67.196 GC heap after
Heap after GC invocations=38 (full 5):
 def new generation   total 51392K, used 28K [0x6e800000, 0x71fc0000, 0x792a0000)
  eden space 45696K,   0% used [0x6e800000, 0x6e800000, 0x714a0000)
  from space 5696K,   0% used [0x714a0000, 0x714a73a8, 0x71a30000)
  to   space 5696K,   0% used [0x71a30000, 0x71a30000, 0x71fc0000)
 tenured generation   total 114040K, used 95436K [0x792a0000, 0x801fe000, 0x8e800000)
   the space 114040K,  83% used [0x792a0000, 0x7efd3018, 0x7efd3200, 0x801fe000)
 compacting perm gen  total 12288K, used 8678K [0x8e800000, 0x8f400000, 0x92800000)
   the space 12288K,  70% used [0x8e800000, 0x8f079820, 0x8f079a00, 0x8f400000)
    ro space 10240K,  59% used [0x92800000, 0x92dfe3d8, 0x92dfe400, 0x93200000)
    rw space 12288K,  59% used [0x93200000, 0x9391c2b0, 0x9391c400, 0x93e00000)
}
Event: 69.010 GC heap before
{Heap before GC invocations=38 (full 5):
 def new generation   total 51392K, used 45724K [0x6e800000, 0x71fc0000, 0x792a0000)
  eden space 45696K, 100% used [0x6e800000, 0x714a0000, 0x714a0000)
  from space 5696K,   0% used [0x714a0000, 0x714a73a8, 0x71a30000)
  to   space 5696K,   0% used [0x71a30000, 0x71a30000, 0x71fc0000)
 tenured generation   total 114040K, used 95436K [0x792a0000, 0x801fe000, 0x8e800000)
   the space 114040K,  83% used [0x792a0000, 0x7efd3018, 0x7efd3200, 0x801fe000)
 compacting perm gen  total 12288K, used 8678K [0x8e800000, 0x8f400000, 0x92800000)
   the space 12288K,  70% used [0x8e800000, 0x8f079820, 0x8f079a00, 0x8f400000)
    ro space 10240K,  59% used [0x92800000, 0x92dfe3d8, 0x92dfe400, 0x93200000)
    rw space 12288K,  59% used [0x93200000, 0x9391c2b0, 0x9391c400, 0x93e00000)
Event: 69.011 GC heap after
Heap after GC invocations=39 (full 5):
 def new generation   total 51392K, used 45K [0x6e800000, 0x71fc0000, 0x792a0000)
  eden space 45696K,   0% used [0x6e800000, 0x6e800000, 0x714a0000)
  from space 5696K,   0% used [0x71a30000, 0x71a3b778, 0x71fc0000)
  to   space 5696K,   0% used [0x714a0000, 0x714a0000, 0x71a30000)
 tenured generation   total 114040K, used 95436K [0x792a0000, 0x801fe000, 0x8e800000)
   the space 114040K,  83% used [0x792a0000, 0x7efd3018, 0x7efd3200, 0x801fe000)
 compacting perm gen  total 12288K, used 8678K [0x8e800000, 0x8f400000, 0x92800000)
   the space 12288K,  70% used [0x8e800000, 0x8f079820, 0x8f079a00, 0x8f400000)
    ro space 10240K,  59% used [0x92800000, 0x92dfe3d8, 0x92dfe400, 0x93200000)
    rw space 12288K,  59% used [0x93200000, 0x9391c2b0, 0x9391c400, 0x93e00000)
}
Event: 70.704 GC heap before
{Heap before GC invocations=39 (full 5):
 def new generation   total 51392K, used 45741K [0x6e800000, 0x71fc0000, 0x792a0000)
  eden space 45696K, 100% used [0x6e800000, 0x714a0000, 0x714a0000)
  from space 5696K,   0% used [0x71a30000, 0x71a3b778, 0x71fc0000)
  to   space 5696K,   0% used [0x714a0000, 0x714a0000, 0x71a30000)
 tenured generation   total 114040K, used 95436K [0x792a0000, 0x801fe000, 0x8e800000)
   the space 114040K,  83% used [0x792a0000, 0x7efd3018, 0x7efd3200, 0x801fe000)
 compacting perm gen  total 12288K, used 8743K [0x8e800000, 0x8f400000, 0x92800000)
   the space 12288K,  71% used [0x8e800000, 0x8f089ff0, 0x8f08a000, 0x8f400000)
    ro space 10240K,  59% used [0x92800000, 0x92dfe3d8, 0x92dfe400, 0x93200000)
    rw space 12288K,  59% used [0x93200000, 0x9391c2b0, 0x9391c400, 0x93e00000)
Event: 70.706 GC heap after
Heap after GC invocations=40 (full 5):
 def new generation   total 51392K, used 86K [0x6e800000, 0x71fc0000, 0x792a0000)
  eden space 45696K,   0% used [0x6e800000, 0x6e800000, 0x714a0000)
  from space 5696K,   1% used [0x714a0000, 0x714b5b98, 0x71a30000)
  to   space 5696K,   0% used [0x71a30000, 0x71a30000, 0x71fc0000)
 tenured generation   total 114040K, used 95436K [0x792a0000, 0x801fe000, 0x8e800000)
   the space 114040K,  83% used [0x792a0000, 0x7efd3018, 0x7efd3200, 0x801fe000)
 compacting perm gen  total 12288K, used 8743K [0x8e800000, 0x8f400000, 0x92800000)
   the space 12288K,  71% used [0x8e800000, 0x8f089ff0, 0x8f08a000, 0x8f400000)
    ro space 10240K,  59% used [0x92800000, 0x92dfe3d8, 0x92dfe400, 0x93200000)
    rw space 12288K,  59% used [0x93200000, 0x9391c2b0, 0x9391c400, 0x93e00000)
}
Event: 71.716 GC heap before
{Heap before GC invocations=40 (full 5):
 def new generation   total 51392K, used 22273K [0x6e800000, 0x71fc0000, 0x792a0000)
  eden space 45696K,  48% used [0x6e800000, 0x6fdaa898, 0x714a0000)
  from space 5696K,   1% used [0x714a0000, 0x714b5b98, 0x71a30000)
  to   space 5696K,   0% used [0x71a30000, 0x71a30000, 0x71fc0000)
 tenured generation   total 114040K, used 95436K [0x792a0000, 0x801fe000, 0x8e800000)
   the space 114040K,  83% used [0x792a0000, 0x7efd3018, 0x7efd3200, 0x801fe000)
 compacting perm gen  total 12288K, used 8762K [0x8e800000, 0x8f400000, 0x92800000)
   the space 12288K,  71% used [0x8e800000, 0x8f08ea08, 0x8f08ec00, 0x8f400000)
    ro space 10240K,  59% used [0x92800000, 0x92dfe3d8, 0x92dfe400, 0x93200000)
    rw space 12288K,  59% used [0x93200000, 0x9391c2b0, 0x9391c400, 0x93e00000)

