# JRE version: OpenJDK Runtime Environment (7.0_111-b01) (build 1.7.0_111-b01)
# Java VM: OpenJDK Client VM (24.111-b01 mixed mode, sharing linux-x86 )
Heap
 def new generation   total 45888K, used 0K [0x6e800000, 0x719c0000, 0x792a0000)
  eden space 40832K,   0% used [0x6e800000, 0x6e800000, 0x70fe0000)
  from space 5056K,   0% used [0x714d0000, 0x714d0000, 0x719c0000)
  to   space 5056K,   0% used [0x70fe0000, 0x70fe0000, 0x714d0000)
 tenured generation   total 101756K, used 97637K [0x792a0000, 0x7f5ff000, 0x8e800000)
   the space 101756K,  95% used [0x792a0000, 0x7f1f9710, 0x7f1f9800, 0x7f5ff000)
 compacting perm gen  total 12288K, used 8784K [0x8e800000, 0x8f400000, 0x92800000)
   the space 12288K,  71% used [0x8e800000, 0x8f0940b0, 0x8f094200, 0x8f400000)
    ro space 10240K,  59% used [0x92800000, 0x92dfe3d8, 0x92dfe400, 0x93200000)
    rw space 12288K,  59% used [0x93200000, 0x9391c2b0, 0x9391c400, 0x93e00000)
GC Heap History (10 events):
Event: 184.211 GC heap after
Heap after GC invocations=122 (full 5):
 def new generation   total 45888K, used 104K [0x6e800000, 0x719c0000, 0x792a0000)
  eden space 40832K,   0% used [0x6e800000, 0x6e800000, 0x70fe0000)
  from space 5056K,   2% used [0x714d0000, 0x714ea1b0, 0x719c0000)
  to   space 5056K,   0% used [0x70fe0000, 0x70fe0000, 0x714d0000)
 tenured generation   total 101756K, used 97292K [0x792a0000, 0x7f5ff000, 0x8e800000)
   the space 101756K,  95% used [0x792a0000, 0x7f1a32f0, 0x7f1a3400, 0x7f5ff000)
 compacting perm gen  total 12288K, used 8684K [0x8e800000, 0x8f400000, 0x92800000)
   the space 12288K,  70% used [0x8e800000, 0x8f07b340, 0x8f07b400, 0x8f400000)
    ro space 10240K,  59% used [0x92800000, 0x92dfe3d8, 0x92dfe400, 0x93200000)
    rw space 12288K,  59% used [0x93200000, 0x9391c2b0, 0x9391c400, 0x93e00000)
}
Event: 185.234 GC heap before
{Heap before GC invocations=122 (full 5):
 def new generation   total 45888K, used 40936K [0x6e800000, 0x719c0000, 0x792a0000)
  eden space 40832K, 100% used [0x6e800000, 0x70fe0000, 0x70fe0000)
  from space 5056K,   2% used [0x714d0000, 0x714ea1b0, 0x719c0000)
  to   space 5056K,   0% used [0x70fe0000, 0x70fe0000, 0x714d0000)
 tenured generation   total 101756K, used 97292K [0x792a0000, 0x7f5ff000, 0x8e800000)
   the space 101756K,  95% used [0x792a0000, 0x7f1a32f0, 0x7f1a3400, 0x7f5ff000)
 compacting perm gen  total 12288K, used 8684K [0x8e800000, 0x8f400000, 0x92800000)
   the space 12288K,  70% used [0x8e800000, 0x8f07b340, 0x8f07b400, 0x8f400000)
    ro space 10240K,  59% used [0x92800000, 0x92dfe3d8, 0x92dfe400, 0x93200000)
    rw space 12288K,  59% used [0x93200000, 0x9391c2b0, 0x9391c400, 0x93e00000)
Event: 185.235 GC heap after
Heap after GC invocations=123 (full 5):
 def new generation   total 45888K, used 97K [0x6e800000, 0x719c0000, 0x792a0000)
  eden space 40832K,   0% used [0x6e800000, 0x6e800000, 0x70fe0000)
  from space 5056K,   1% used [0x70fe0000, 0x70ff84a0, 0x714d0000)
  to   space 5056K,   0% used [0x714d0000, 0x714d0000, 0x719c0000)
 tenured generation   total 101756K, used 97311K [0x792a0000, 0x7f5ff000, 0x8e800000)
   the space 101756K,  95% used [0x792a0000, 0x7f1a7ff0, 0x7f1a8000, 0x7f5ff000)
 compacting perm gen  total 12288K, used 8684K [0x8e800000, 0x8f400000, 0x92800000)
   the space 12288K,  70% used [0x8e800000, 0x8f07b340, 0x8f07b400, 0x8f400000)
    ro space 10240K,  59% used [0x92800000, 0x92dfe3d8, 0x92dfe400, 0x93200000)
    rw space 12288K,  59% used [0x93200000, 0x9391c2b0, 0x9391c400, 0x93e00000)
}
Event: 186.336 GC heap before
{Heap before GC invocations=123 (full 5):
 def new generation   total 45888K, used 40929K [0x6e800000, 0x719c0000, 0x792a0000)
  eden space 40832K, 100% used [0x6e800000, 0x70fe0000, 0x70fe0000)
  from space 5056K,   1% used [0x70fe0000, 0x70ff84a0, 0x714d0000)
  to   space 5056K,   0% used [0x714d0000, 0x714d0000, 0x719c0000)
 tenured generation   total 101756K, used 97311K [0x792a0000, 0x7f5ff000, 0x8e800000)
   the space 101756K,  95% used [0x792a0000, 0x7f1a7ff0, 0x7f1a8000, 0x7f5ff000)
 compacting perm gen  total 12288K, used 8699K [0x8e800000, 0x8f400000, 0x92800000)
   the space 12288K,  70% used [0x8e800000, 0x8f07eeb8, 0x8f07f000, 0x8f400000)
    ro space 10240K,  59% used [0x92800000, 0x92dfe3d8, 0x92dfe400, 0x93200000)
    rw space 12288K,  59% used [0x93200000, 0x9391c2b0, 0x9391c400, 0x93e00000)
Event: 186.337 GC heap after
Heap after GC invocations=124 (full 5):
 def new generation   total 45888K, used 116K [0x6e800000, 0x719c0000, 0x792a0000)
  eden space 40832K,   0% used [0x6e800000, 0x6e800000, 0x70fe0000)
  from space 5056K,   2% used [0x714d0000, 0x714ed078, 0x719c0000)
  to   space 5056K,   0% used [0x70fe0000, 0x70fe0000, 0x714d0000)
 tenured generation   total 101756K, used 97311K [0x792a0000, 0x7f5ff000, 0x8e800000)
   the space 101756K,  95% used [0x792a0000, 0x7f1a7ff0, 0x7f1a8000, 0x7f5ff000)
 compacting perm gen  total 12288K, used 8699K [0x8e800000, 0x8f400000, 0x92800000)
   the space 12288K,  70% used [0x8e800000, 0x8f07eeb8, 0x8f07f000, 0x8f400000)
    ro space 10240K,  59% used [0x92800000, 0x92dfe3d8, 0x92dfe400, 0x93200000)
    rw space 12288K,  59% used [0x93200000, 0x9391c2b0, 0x9391c400, 0x93e00000)
}
Event: 187.238 GC heap before
{Heap before GC invocations=124 (full 5):
 def new generation   total 45888K, used 40948K [0x6e800000, 0x719c0000, 0x792a0000)
  eden space 40832K, 100% used [0x6e800000, 0x70fe0000, 0x70fe0000)
  from space 5056K,   2% used [0x714d0000, 0x714ed078, 0x719c0000)
  to   space 5056K,   0% used [0x70fe0000, 0x70fe0000, 0x714d0000)
 tenured generation   total 101756K, used 97311K [0x792a0000, 0x7f5ff000, 0x8e800000)
   the space 101756K,  95% used [0x792a0000, 0x7f1a7ff0, 0x7f1a8000, 0x7f5ff000)
 compacting perm gen  total 12288K, used 8765K [0x8e800000, 0x8f400000, 0x92800000)
   the space 12288K,  71% used [0x8e800000, 0x8f08f668, 0x8f08f800, 0x8f400000)
    ro space 10240K,  59% used [0x92800000, 0x92dfe3d8, 0x92dfe400, 0x93200000)
    rw space 12288K,  59% used [0x93200000, 0x9391c2b0, 0x9391c400, 0x93e00000)
Event: 187.239 GC heap after
Heap after GC invocations=125 (full 5):
 def new generation   total 45888K, used 151K [0x6e800000, 0x719c0000, 0x792a0000)
  eden space 40832K,   0% used [0x6e800000, 0x6e800000, 0x70fe0000)
  from space 5056K,   2% used [0x70fe0000, 0x71005cb8, 0x714d0000)
  to   space 5056K,   0% used [0x714d0000, 0x714d0000, 0x719c0000)
 tenured generation   total 101756K, used 97311K [0x792a0000, 0x7f5ff000, 0x8e800000)
   the space 101756K,  95% used [0x792a0000, 0x7f1a7ff0, 0x7f1a8000, 0x7f5ff000)
 compacting perm gen  total 12288K, used 8765K [0x8e800000, 0x8f400000, 0x92800000)
   the space 12288K,  71% used [0x8e800000, 0x8f08f668, 0x8f08f800, 0x8f400000)
    ro space 10240K,  59% used [0x92800000, 0x92dfe3d8, 0x92dfe400, 0x93200000)
    rw space 12288K,  59% used [0x93200000, 0x9391c2b0, 0x9391c400, 0x93e00000)
}
Event: 188.340 GC heap before
{Heap before GC invocations=125 (full 5):
 def new generation   total 45888K, used 40983K [0x6e800000, 0x719c0000, 0x792a0000)
  eden space 40832K, 100% used [0x6e800000, 0x70fe0000, 0x70fe0000)
  from space 5056K,   2% used [0x70fe0000, 0x71005cb8, 0x714d0000)
  to   space 5056K,   0% used [0x714d0000, 0x714d0000, 0x719c0000)
 tenured generation   total 101756K, used 97311K [0x792a0000, 0x7f5ff000, 0x8e800000)
   the space 101756K,  95% used [0x792a0000, 0x7f1a7ff0, 0x7f1a8000, 0x7f5ff000)
 compacting perm gen  total 12288K, used 8765K [0x8e800000, 0x8f400000, 0x92800000)
   the space 12288K,  71% used [0x8e800000, 0x8f08f668, 0x8f08f800, 0x8f400000)
    ro space 10240K,  59% used [0x92800000, 0x92dfe3d8, 0x92dfe400, 0x93200000)
    rw space 12288K,  59% used [0x93200000, 0x9391c2b0, 0x9391c400, 0x93e00000)
Event: 188.341 GC heap after
Heap after GC invocations=126 (full 5):
 def new generation   total 45888K, used 135K [0x6e800000, 0x719c0000, 0x792a0000)
  eden space 40832K,   0% used [0x6e800000, 0x6e800000, 0x70fe0000)
  from space 5056K,   2% used [0x714d0000, 0x714f1da0, 0x719c0000)
  to   space 5056K,   0% used [0x70fe0000, 0x70fe0000, 0x714d0000)
 tenured generation   total 101756K, used 97311K [0x792a0000, 0x7f5ff000, 0x8e800000)
   the space 101756K,  95% used [0x792a0000, 0x7f1a7ff0, 0x7f1a8000, 0x7f5ff000)
 compacting perm gen  total 12288K, used 8765K [0x8e800000, 0x8f400000, 0x92800000)
   the space 12288K,  71% used [0x8e800000, 0x8f08f668, 0x8f08f800, 0x8f400000)
    ro space 10240K,  59% used [0x92800000, 0x92dfe3d8, 0x92dfe400, 0x93200000)
    rw space 12288K,  59% used [0x93200000, 0x9391c2b0, 0x9391c400, 0x93e00000)
}
Event: 188.639 GC heap before
{Heap before GC invocations=126 (full 5):
 def new generation   total 45888K, used 4520K [0x6e800000, 0x719c0000, 0x792a0000)
  eden space 40832K,  10% used [0x6e800000, 0x6ec48600, 0x70fe0000)
  from space 5056K,   2% used [0x714d0000, 0x714f1da0, 0x719c0000)
  to   space 5056K,   0% used [0x70fe0000, 0x70fe0000, 0x714d0000)
 tenured generation   total 101756K, used 97311K [0x792a0000, 0x7f5ff000, 0x8e800000)
   the space 101756K,  95% used [0x792a0000, 0x7f1a7ff0, 0x7f1a8000, 0x7f5ff000)
 compacting perm gen  total 12288K, used 8784K [0x8e800000, 0x8f400000, 0x92800000)
   the space 12288K,  71% used [0x8e800000, 0x8f0940b0, 0x8f094200, 0x8f400000)
    ro space 10240K,  59% used [0x92800000, 0x92dfe3d8, 0x92dfe400, 0x93200000)
    rw space 12288K,  59% used [0x93200000, 0x9391c2b0, 0x9391c400, 0x93e00000)

