# JRE version: OpenJDK Runtime Environment (7.0_121) (build 1.7.0_121-b00)
# Java VM: OpenJDK Client VM (24.121-b00 mixed mode, sharing linux-x86 )
Heap
 def new generation   total 392512K, used 0K [0x2e800000, 0x491e0000, 0x4e800000)
  eden space 348928K,   0% used [0x2e800000, 0x2e800000, 0x43cc0000)
  from space 43584K,   0% used [0x43cc0000, 0x43cc0000, 0x46750000)
  to   space 43584K,   0% used [0x46750000, 0x46750000, 0x491e0000)
 tenured generation   total 898320K, used 881345K [0x4e800000, 0x85544000, 0x8e800000)
   the space 898320K,  98% used [0x4e800000, 0x844b04d0, 0x844b0600, 0x85544000)
 compacting perm gen  total 12288K, used 8847K [0x8e800000, 0x8f400000, 0x92800000)
   the space 12288K,  71% used [0x8e800000, 0x8f0a3d48, 0x8f0a3e00, 0x8f400000)
    ro space 10240K,  60% used [0x92800000, 0x92e00d38, 0x92e00e00, 0x93200000)
    rw space 12288K,  59% used [0x93200000, 0x9391e858, 0x9391ea00, 0x93e00000)
GC Heap History (10 events):
Event: 65867.888 GC heap after
Heap after GC invocations=1912 (full 12):
 def new generation   total 392512K, used 13475K [0x2e800000, 0x491e0000, 0x4e800000)
  eden space 348928K,   0% used [0x2e800000, 0x2e800000, 0x43cc0000)
  from space 43584K,  30% used [0x46750000, 0x47478ed8, 0x491e0000)
  to   space 43584K,   0% used [0x43cc0000, 0x43cc0000, 0x46750000)
 tenured generation   total 872072K, used 803805K [0x4e800000, 0x83ba2000, 0x8e800000)
   the space 872072K,  92% used [0x4e800000, 0x7f8f7540, 0x7f8f7600, 0x83ba2000)
 compacting perm gen  total 12288K, used 8847K [0x8e800000, 0x8f400000, 0x92800000)
   the space 12288K,  71% used [0x8e800000, 0x8f0a3d48, 0x8f0a3e00, 0x8f400000)
    ro space 10240K,  60% used [0x92800000, 0x92e00d38, 0x92e00e00, 0x93200000)
    rw space 12288K,  59% used [0x93200000, 0x9391e858, 0x9391ea00, 0x93e00000)
}
Event: 65969.830 GC heap before
{Heap before GC invocations=1912 (full 12):
 def new generation   total 392512K, used 362403K [0x2e800000, 0x491e0000, 0x4e800000)
  eden space 348928K, 100% used [0x2e800000, 0x43cc0000, 0x43cc0000)
  from space 43584K,  30% used [0x46750000, 0x47478ed8, 0x491e0000)
  to   space 43584K,   0% used [0x43cc0000, 0x43cc0000, 0x46750000)
 tenured generation   total 872072K, used 803805K [0x4e800000, 0x83ba2000, 0x8e800000)
   the space 872072K,  92% used [0x4e800000, 0x7f8f7540, 0x7f8f7600, 0x83ba2000)
 compacting perm gen  total 12288K, used 8847K [0x8e800000, 0x8f400000, 0x92800000)
   the space 12288K,  71% used [0x8e800000, 0x8f0a3d48, 0x8f0a3e00, 0x8f400000)
    ro space 10240K,  60% used [0x92800000, 0x92e00d38, 0x92e00e00, 0x93200000)
    rw space 12288K,  59% used [0x93200000, 0x9391e858, 0x9391ea00, 0x93e00000)
Event: 65969.928 GC heap after
Heap after GC invocations=1913 (full 12):
 def new generation   total 392512K, used 27020K [0x2e800000, 0x491e0000, 0x4e800000)
  eden space 348928K,   0% used [0x2e800000, 0x2e800000, 0x43cc0000)
  from space 43584K,  61% used [0x43cc0000, 0x457230e8, 0x46750000)
  to   space 43584K,   0% used [0x46750000, 0x46750000, 0x491e0000)
 tenured generation   total 872072K, used 803805K [0x4e800000, 0x83ba2000, 0x8e800000)
   the space 872072K,  92% used [0x4e800000, 0x7f8f7540, 0x7f8f7600, 0x83ba2000)
 compacting perm gen  total 12288K, used 8847K [0x8e800000, 0x8f400000, 0x92800000)
   the space 12288K,  71% used [0x8e800000, 0x8f0a3d48, 0x8f0a3e00, 0x8f400000)
    ro space 10240K,  60% used [0x92800000, 0x92e00d38, 0x92e00e00, 0x93200000)
    rw space 12288K,  59% used [0x93200000, 0x9391e858, 0x9391ea00, 0x93e00000)
}
Event: 66070.445 GC heap before
{Heap before GC invocations=1913 (full 12):
 def new generation   total 392512K, used 375948K [0x2e800000, 0x491e0000, 0x4e800000)
  eden space 348928K, 100% used [0x2e800000, 0x43cc0000, 0x43cc0000)
  from space 43584K,  61% used [0x43cc0000, 0x457230e8, 0x46750000)
  to   space 43584K,   0% used [0x46750000, 0x46750000, 0x491e0000)
 tenured generation   total 872072K, used 803805K [0x4e800000, 0x83ba2000, 0x8e800000)
   the space 872072K,  92% used [0x4e800000, 0x7f8f7540, 0x7f8f7600, 0x83ba2000)
 compacting perm gen  total 12288K, used 8847K [0x8e800000, 0x8f400000, 0x92800000)
   the space 12288K,  71% used [0x8e800000, 0x8f0a3d48, 0x8f0a3e00, 0x8f400000)
    ro space 10240K,  60% used [0x92800000, 0x92e00d38, 0x92e00e00, 0x93200000)
    rw space 12288K,  59% used [0x93200000, 0x9391e858, 0x9391ea00, 0x93e00000)
Event: 66070.564 GC heap after
Heap after GC invocations=1914 (full 12):
 def new generation   total 392512K, used 26991K [0x2e800000, 0x491e0000, 0x4e800000)
  eden space 348928K,   0% used [0x2e800000, 0x2e800000, 0x43cc0000)
  from space 43584K,  61% used [0x46750000, 0x481abf80, 0x491e0000)
  to   space 43584K,   0% used [0x43cc0000, 0x43cc0000, 0x46750000)
 tenured generation   total 872072K, used 817279K [0x4e800000, 0x83ba2000, 0x8e800000)
   the space 872072K,  93% used [0x4e800000, 0x8061fc68, 0x8061fe00, 0x83ba2000)
 compacting perm gen  total 12288K, used 8847K [0x8e800000, 0x8f400000, 0x92800000)
   the space 12288K,  71% used [0x8e800000, 0x8f0a3d48, 0x8f0a3e00, 0x8f400000)
    ro space 10240K,  60% used [0x92800000, 0x92e00d38, 0x92e00e00, 0x93200000)
    rw space 12288K,  59% used [0x93200000, 0x9391e858, 0x9391ea00, 0x93e00000)
}
Event: 66172.040 GC heap before
{Heap before GC invocations=1914 (full 12):
 def new generation   total 392512K, used 375919K [0x2e800000, 0x491e0000, 0x4e800000)
  eden space 348928K, 100% used [0x2e800000, 0x43cc0000, 0x43cc0000)
  from space 43584K,  61% used [0x46750000, 0x481abf80, 0x491e0000)
  to   space 43584K,   0% used [0x43cc0000, 0x43cc0000, 0x46750000)
 tenured generation   total 872072K, used 817279K [0x4e800000, 0x83ba2000, 0x8e800000)
   the space 872072K,  93% used [0x4e800000, 0x8061fc68, 0x8061fe00, 0x83ba2000)
 compacting perm gen  total 12288K, used 8847K [0x8e800000, 0x8f400000, 0x92800000)
   the space 12288K,  71% used [0x8e800000, 0x8f0a3d48, 0x8f0a3e00, 0x8f400000)
    ro space 10240K,  60% used [0x92800000, 0x92e00d38, 0x92e00e00, 0x93200000)
    rw space 12288K,  59% used [0x93200000, 0x9391e858, 0x9391ea00, 0x93e00000)
Event: 66172.135 GC heap after
Heap after GC invocations=1915 (full 12):
 def new generation   total 392512K, used 29223K [0x2e800000, 0x491e0000, 0x4e800000)
  eden space 348928K,   0% used [0x2e800000, 0x2e800000, 0x43cc0000)
  from space 43584K,  67% used [0x43cc0000, 0x45949e18, 0x46750000)
  to   space 43584K,   0% used [0x46750000, 0x46750000, 0x491e0000)
 tenured generation   total 872072K, used 830823K [0x4e800000, 0x83ba2000, 0x8e800000)
   the space 872072K,  95% used [0x4e800000, 0x81359e80, 0x8135a000, 0x83ba2000)
 compacting perm gen  total 12288K, used 8847K [0x8e800000, 0x8f400000, 0x92800000)
   the space 12288K,  71% used [0x8e800000, 0x8f0a3d48, 0x8f0a3e00, 0x8f400000)
    ro space 10240K,  60% used [0x92800000, 0x92e00d38, 0x92e00e00, 0x93200000)
    rw space 12288K,  59% used [0x93200000, 0x9391e858, 0x9391ea00, 0x93e00000)
}
Event: 66266.391 GC heap before
{Heap before GC invocations=1915 (full 12):
 def new generation   total 392512K, used 378151K [0x2e800000, 0x491e0000, 0x4e800000)
  eden space 348928K, 100% used [0x2e800000, 0x43cc0000, 0x43cc0000)
  from space 43584K,  67% used [0x43cc0000, 0x45949e18, 0x46750000)
  to   space 43584K,   0% used [0x46750000, 0x46750000, 0x491e0000)
 tenured generation   total 872072K, used 830823K [0x4e800000, 0x83ba2000, 0x8e800000)
   the space 872072K,  95% used [0x4e800000, 0x81359e80, 0x8135a000, 0x83ba2000)
 compacting perm gen  total 12288K, used 8847K [0x8e800000, 0x8f400000, 0x92800000)
   the space 12288K,  71% used [0x8e800000, 0x8f0a3d48, 0x8f0a3e00, 0x8f400000)
    ro space 10240K,  60% used [0x92800000, 0x92e00d38, 0x92e00e00, 0x93200000)
    rw space 12288K,  59% used [0x93200000, 0x9391e858, 0x9391ea00, 0x93e00000)
Event: 66266.495 GC heap after
Heap after GC invocations=1916 (full 12):
 def new generation   total 392512K, used 43584K [0x2e800000, 0x491e0000, 0x4e800000)
  eden space 348928K,   0% used [0x2e800000, 0x2e800000, 0x43cc0000)
  from space 43584K, 100% used [0x46750000, 0x491e0000, 0x491e0000)
  to   space 43584K,   0% used [0x43cc0000, 0x43cc0000, 0x46750000)
 tenured generation   total 872072K, used 854577K [0x4e800000, 0x83ba2000, 0x8e800000)
   the space 872072K,  97% used [0x4e800000, 0x82a8c4a0, 0x82a8c600, 0x83ba2000)
 compacting perm gen  total 12288K, used 8847K [0x8e800000, 0x8f400000, 0x92800000)
   the space 12288K,  71% used [0x8e800000, 0x8f0a3d48, 0x8f0a3e00, 0x8f400000)
    ro space 10240K,  60% used [0x92800000, 0x92e00d38, 0x92e00e00, 0x93200000)
    rw space 12288K,  59% used [0x93200000, 0x9391e858, 0x9391ea00, 0x93e00000)
}
Event: 66368.390 GC heap before
{Heap before GC invocations=1916 (full 12):
 def new generation   total 392512K, used 392512K [0x2e800000, 0x491e0000, 0x4e800000)
  eden space 348928K, 100% used [0x2e800000, 0x43cc0000, 0x43cc0000)
  from space 43584K, 100% used [0x46750000, 0x491e0000, 0x491e0000)
  to   space 43584K,   0% used [0x43cc0000, 0x43cc0000, 0x46750000)
 tenured generation   total 872072K, used 854577K [0x4e800000, 0x83ba2000, 0x8e800000)
   the space 872072K,  97% used [0x4e800000, 0x82a8c4a0, 0x82a8c600, 0x83ba2000)
 compacting perm gen  total 12288K, used 8847K [0x8e800000, 0x8f400000, 0x92800000)
   the space 12288K,  71% used [0x8e800000, 0x8f0a3d48, 0x8f0a3e00, 0x8f400000)
    ro space 10240K,  60% used [0x92800000, 0x92e00d38, 0x92e00e00, 0x93200000)
    rw space 12288K,  59% used [0x93200000, 0x9391e858, 0x9391ea00, 0x93e00000)

