# JRE version: OpenJDK Runtime Environment (7.0_111-b01) (build 1.7.0_111-b01)
# Java VM: OpenJDK Client VM (24.111-b01 mixed mode, sharing linux-x86 )
Heap
 def new generation   total 73152K, used 7219K [0x6e800000, 0x73750000, 0x792a0000)
  eden space 65088K,  11% used [0x6e800000, 0x6ef0cff8, 0x72790000)
  from space 8064K,   0% used [0x72790000, 0x72790000, 0x72f70000)
  to   space 8064K,   0% used [0x72f70000, 0x72f70000, 0x73750000)
 tenured generation   total 178956K, used 178808K [0x792a0000, 0x84163000, 0x8e800000)
   the space 178956K,  99% used [0x792a0000, 0x8413e298, 0x8413e400, 0x84163000)
 compacting perm gen  total 12288K, used 8396K [0x8e800000, 0x8f400000, 0x92800000)
   the space 12288K,  68% used [0x8e800000, 0x8f0330a0, 0x8f033200, 0x8f400000)
    ro space 10240K,  59% used [0x92800000, 0x92dfe3d8, 0x92dfe400, 0x93200000)
    rw space 12288K,  59% used [0x93200000, 0x9391c2b0, 0x9391c400, 0x93e00000)
GC Heap History (10 events):
Event: 39.496 GC heap after
Heap after GC invocations=26 (full 6):
 def new generation   total 72896K, used 110K [0x6e800000, 0x73710000, 0x792a0000)
  eden space 64832K,   0% used [0x6e800000, 0x6e800000, 0x72750000)
  from space 8064K,   1% used [0x72750000, 0x7276bae8, 0x72f30000)
  to   space 8064K,   0% used [0x72f30000, 0x72f30000, 0x73710000)
 tenured generation   total 161888K, used 97130K [0x792a0000, 0x830b8000, 0x8e800000)
   the space 161888K,  59% used [0x792a0000, 0x7f17aaf0, 0x7f17ac00, 0x830b8000)
 compacting perm gen  total 12288K, used 8368K [0x8e800000, 0x8f400000, 0x92800000)
   the space 12288K,  68% used [0x8e800000, 0x8f02c2e8, 0x8f02c400, 0x8f400000)
    ro space 10240K,  59% used [0x92800000, 0x92dfe3d8, 0x92dfe400, 0x93200000)
    rw space 12288K,  59% used [0x93200000, 0x9391c2b0, 0x9391c400, 0x93e00000)
}
Event: 40.390 GC heap before
{Heap before GC invocations=26 (full 6):
 def new generation   total 72896K, used 32669K [0x6e800000, 0x73710000, 0x792a0000)
  eden space 64832K,  50% used [0x6e800000, 0x707cbc30, 0x72750000)
  from space 8064K,   1% used [0x72750000, 0x7276bae8, 0x72f30000)
  to   space 8064K,   0% used [0x72f30000, 0x72f30000, 0x73710000)
 tenured generation   total 161888K, used 97130K [0x792a0000, 0x830b8000, 0x8e800000)
   the space 161888K,  59% used [0x792a0000, 0x7f17aaf0, 0x7f17ac00, 0x830b8000)
 compacting perm gen  total 12288K, used 8385K [0x8e800000, 0x8f400000, 0x92800000)
   the space 12288K,  68% used [0x8e800000, 0x8f0306b8, 0x8f030800, 0x8f400000)
    ro space 10240K,  59% used [0x92800000, 0x92dfe3d8, 0x92dfe400, 0x93200000)
    rw space 12288K,  59% used [0x93200000, 0x9391c2b0, 0x9391c400, 0x93e00000)
Event: 40.453 GC heap after
Heap after GC invocations=27 (full 7):
 def new generation   total 73152K, used 0K [0x6e800000, 0x73750000, 0x792a0000)
  eden space 65088K,   0% used [0x6e800000, 0x6e800000, 0x72790000)
  from space 8064K,   0% used [0x72790000, 0x72790000, 0x72f70000)
  to   space 8064K,   0% used [0x72f70000, 0x72f70000, 0x73750000)
 tenured generation   total 162316K, used 97388K [0x792a0000, 0x83123000, 0x8e800000)
   the space 162316K,  59% used [0x792a0000, 0x7f1bb178, 0x7f1bb200, 0x83123000)
 compacting perm gen  total 12288K, used 8385K [0x8e800000, 0x8f400000, 0x92800000)
   the space 12288K,  68% used [0x8e800000, 0x8f0306b8, 0x8f030800, 0x8f400000)
    ro space 10240K,  59% used [0x92800000, 0x92dfe3d8, 0x92dfe400, 0x93200000)
    rw space 12288K,  59% used [0x93200000, 0x9391c2b0, 0x9391c400, 0x93e00000)
}
Event: 172.748 GC heap before
{Heap before GC invocations=27 (full 7):
 def new generation   total 73152K, used 65088K [0x6e800000, 0x73750000, 0x792a0000)
  eden space 65088K, 100% used [0x6e800000, 0x72790000, 0x72790000)
  from space 8064K,   0% used [0x72790000, 0x72790000, 0x72f70000)
  to   space 8064K,   0% used [0x72f70000, 0x72f70000, 0x73750000)
 tenured generation   total 162316K, used 97388K [0x792a0000, 0x83123000, 0x8e800000)
   the space 162316K,  59% used [0x792a0000, 0x7f1bb178, 0x7f1bb200, 0x83123000)
 compacting perm gen  total 12288K, used 8395K [0x8e800000, 0x8f400000, 0x92800000)
   the space 12288K,  68% used [0x8e800000, 0x8f032e30, 0x8f033000, 0x8f400000)
    ro space 10240K,  59% used [0x92800000, 0x92dfe3d8, 0x92dfe400, 0x93200000)
    rw space 12288K,  59% used [0x93200000, 0x9391c2b0, 0x9391c400, 0x93e00000)
Event: 172.751 GC heap after
Heap after GC invocations=28 (full 7):
 def new generation   total 73152K, used 646K [0x6e800000, 0x73750000, 0x792a0000)
  eden space 65088K,   0% used [0x6e800000, 0x6e800000, 0x72790000)
  from space 8064K,   8% used [0x72f70000, 0x73011a00, 0x73750000)
  to   space 8064K,   0% used [0x72790000, 0x72790000, 0x72f70000)
 tenured generation   total 162316K, used 97388K [0x792a0000, 0x83123000, 0x8e800000)
   the space 162316K,  59% used [0x792a0000, 0x7f1bb178, 0x7f1bb200, 0x83123000)
 compacting perm gen  total 12288K, used 8395K [0x8e800000, 0x8f400000, 0x92800000)
   the space 12288K,  68% used [0x8e800000, 0x8f032e30, 0x8f033000, 0x8f400000)
    ro space 10240K,  59% used [0x92800000, 0x92dfe3d8, 0x92dfe400, 0x93200000)
    rw space 12288K,  59% used [0x93200000, 0x9391c2b0, 0x9391c400, 0x93e00000)
}
Event: 265.689 GC heap before
{Heap before GC invocations=28 (full 7):
 def new generation   total 73152K, used 65734K [0x6e800000, 0x73750000, 0x792a0000)
  eden space 65088K, 100% used [0x6e800000, 0x72790000, 0x72790000)
  from space 8064K,   8% used [0x72f70000, 0x73011a00, 0x73750000)
  to   space 8064K,   0% used [0x72790000, 0x72790000, 0x72f70000)
 tenured generation   total 162316K, used 97388K [0x792a0000, 0x83123000, 0x8e800000)
   the space 162316K,  59% used [0x792a0000, 0x7f1bb178, 0x7f1bb200, 0x83123000)
 compacting perm gen  total 12288K, used 8398K [0x8e800000, 0x8f400000, 0x92800000)
   the space 12288K,  68% used [0x8e800000, 0x8f033ab8, 0x8f033c00, 0x8f400000)
    ro space 10240K,  59% used [0x92800000, 0x92dfe3d8, 0x92dfe400, 0x93200000)
    rw space 12288K,  59% used [0x93200000, 0x9391c2b0, 0x9391c400, 0x93e00000)
Event: 265.712 GC heap after
Heap after GC invocations=29 (full 7):
 def new generation   total 73152K, used 8064K [0x6e800000, 0x73750000, 0x792a0000)
  eden space 65088K,   0% used [0x6e800000, 0x6e800000, 0x72790000)
  from space 8064K, 100% used [0x72790000, 0x72f70000, 0x72f70000)
  to   space 8064K,   0% used [0x72f70000, 0x72f70000, 0x73750000)
 tenured generation   total 162316K, used 109304K [0x792a0000, 0x83123000, 0x8e800000)
   the space 162316K,  67% used [0x792a0000, 0x7fd5e0d0, 0x7fd5e200, 0x83123000)
 compacting perm gen  total 12288K, used 8398K [0x8e800000, 0x8f400000, 0x92800000)
   the space 12288K,  68% used [0x8e800000, 0x8f033ab8, 0x8f033c00, 0x8f400000)
    ro space 10240K,  59% used [0x92800000, 0x92dfe3d8, 0x92dfe400, 0x93200000)
    rw space 12288K,  59% used [0x93200000, 0x9391c2b0, 0x9391c400, 0x93e00000)
}
Event: 265.809 GC heap before
{Heap before GC invocations=29 (full 7):
 def new generation   total 73152K, used 73152K [0x6e800000, 0x73750000, 0x792a0000)
  eden space 65088K, 100% used [0x6e800000, 0x72790000, 0x72790000)
  from space 8064K, 100% used [0x72790000, 0x72f70000, 0x72f70000)
  to   space 8064K,   0% used [0x72f70000, 0x72f70000, 0x73750000)
 tenured generation   total 162316K, used 109304K [0x792a0000, 0x83123000, 0x8e800000)
   the space 162316K,  67% used [0x792a0000, 0x7fd5e0d0, 0x7fd5e200, 0x83123000)
 compacting perm gen  total 12288K, used 8398K [0x8e800000, 0x8f400000, 0x92800000)
   the space 12288K,  68% used [0x8e800000, 0x8f033ad8, 0x8f033c00, 0x8f400000)
    ro space 10240K,  59% used [0x92800000, 0x92dfe3d8, 0x92dfe400, 0x93200000)
    rw space 12288K,  59% used [0x93200000, 0x9391c2b0, 0x9391c400, 0x93e00000)
Event: 265.957 GC heap after
Heap after GC invocations=30 (full 7):
 def new generation   total 73152K, used 8064K [0x6e800000, 0x73750000, 0x792a0000)
  eden space 65088K,   0% used [0x6e800000, 0x6e800000, 0x72790000)
  from space 8064K, 100% used [0x72f70000, 0x73750000, 0x73750000)
  to   space 8064K,   0% used [0x72790000, 0x72790000, 0x72f70000)
 tenured generation   total 162316K, used 161445K [0x792a0000, 0x83123000, 0x8e800000)
   the space 162316K,  99% used [0x792a0000, 0x83049680, 0x83049800, 0x83123000)
 compacting perm gen  total 12288K, used 8398K [0x8e800000, 0x8f400000, 0x92800000)
   the space 12288K,  68% used [0x8e800000, 0x8f033ad8, 0x8f033c00, 0x8f400000)
    ro space 10240K,  59% used [0x92800000, 0x92dfe3d8, 0x92dfe400, 0x93200000)
    rw space 12288K,  59% used [0x93200000, 0x9391c2b0, 0x9391c400, 0x93e00000)
}
Event: 266.992 GC heap before
{Heap before GC invocations=30 (full 7):
 def new generation   total 73152K, used 73152K [0x6e800000, 0x73750000, 0x792a0000)
  eden space 65088K, 100% used [0x6e800000, 0x72790000, 0x72790000)
  from space 8064K, 100% used [0x72f70000, 0x73750000, 0x73750000)
  to   space 8064K,   0% used [0x72790000, 0x72790000, 0x72f70000)
 tenured generation   total 162316K, used 161445K [0x792a0000, 0x83123000, 0x8e800000)
   the space 162316K,  99% used [0x792a0000, 0x83049680, 0x83049800, 0x83123000)
 compacting perm gen  total 12288K, used 8398K [0x8e800000, 0x8f400000, 0x92800000)
   the space 12288K,  68% used [0x8e800000, 0x8f033b68, 0x8f033c00, 0x8f400000)
    ro space 10240K,  59% used [0x92800000, 0x92dfe3d8, 0x92dfe400, 0x93200000)
    rw space 12288K,  59% used [0x93200000, 0x9391c2b0, 0x9391c400, 0x93e00000)

