# JRE version: OpenJDK Runtime Environment (7.0_111-b01) (build 1.7.0_111-b01)
# Java VM: OpenJDK Client VM (24.111-b01 mixed mode, sharing linux-x86 )
Heap
 def new generation   total 62592K, used 0K [0x6e800000, 0x72be0000, 0x792a0000)
  eden space 55680K,   0% used [0x6e800000, 0x6e800000, 0x71e60000)
  from space 6912K,   0% used [0x71e60000, 0x71e60000, 0x72520000)
  to   space 6912K,   0% used [0x72520000, 0x72520000, 0x72be0000)
 tenured generation   total 138928K, used 99446K [0x792a0000, 0x81a4c000, 0x8e800000)
   the space 138928K,  71% used [0x792a0000, 0x7f3bdb08, 0x7f3bdc00, 0x81a4c000)
 compacting perm gen  total 12288K, used 8387K [0x8e800000, 0x8f400000, 0x92800000)
   the space 12288K,  68% used [0x8e800000, 0x8f030eb0, 0x8f031000, 0x8f400000)
    ro space 10240K,  59% used [0x92800000, 0x92dfe3d8, 0x92dfe400, 0x93200000)
    rw space 12288K,  59% used [0x93200000, 0x9391c2b0, 0x9391c400, 0x93e00000)
GC Heap History (10 events):
Event: 47.577 GC heap after
Heap after GC invocations=35 (full 6):
 def new generation   total 62592K, used 37K [0x6e800000, 0x72be0000, 0x792a0000)
  eden space 55680K,   0% used [0x6e800000, 0x6e800000, 0x71e60000)
  from space 6912K,   0% used [0x71e60000, 0x71e69548, 0x72520000)
  to   space 6912K,   0% used [0x72520000, 0x72520000, 0x72be0000)
 tenured generation   total 138928K, used 98842K [0x792a0000, 0x81a4c000, 0x8e800000)
   the space 138928K,  71% used [0x792a0000, 0x7f326a80, 0x7f326c00, 0x81a4c000)
 compacting perm gen  total 12288K, used 8274K [0x8e800000, 0x8f400000, 0x92800000)
   the space 12288K,  67% used [0x8e800000, 0x8f014a90, 0x8f014c00, 0x8f400000)
    ro space 10240K,  59% used [0x92800000, 0x92dfe3d8, 0x92dfe400, 0x93200000)
    rw space 12288K,  59% used [0x93200000, 0x9391c2b0, 0x9391c400, 0x93e00000)
}
Event: 49.080 GC heap before
{Heap before GC invocations=35 (full 6):
 def new generation   total 62592K, used 55717K [0x6e800000, 0x72be0000, 0x792a0000)
  eden space 55680K, 100% used [0x6e800000, 0x71e60000, 0x71e60000)
  from space 6912K,   0% used [0x71e60000, 0x71e69548, 0x72520000)
  to   space 6912K,   0% used [0x72520000, 0x72520000, 0x72be0000)
 tenured generation   total 138928K, used 98842K [0x792a0000, 0x81a4c000, 0x8e800000)
   the space 138928K,  71% used [0x792a0000, 0x7f326a80, 0x7f326c00, 0x81a4c000)
 compacting perm gen  total 12288K, used 8274K [0x8e800000, 0x8f400000, 0x92800000)
   the space 12288K,  67% used [0x8e800000, 0x8f014b60, 0x8f014c00, 0x8f400000)
    ro space 10240K,  59% used [0x92800000, 0x92dfe3d8, 0x92dfe400, 0x93200000)
    rw space 12288K,  59% used [0x93200000, 0x9391c2b0, 0x9391c400, 0x93e00000)
Event: 49.080 GC heap after
Heap after GC invocations=36 (full 6):
 def new generation   total 62592K, used 33K [0x6e800000, 0x72be0000, 0x792a0000)
  eden space 55680K,   0% used [0x6e800000, 0x6e800000, 0x71e60000)
  from space 6912K,   0% used [0x72520000, 0x72528770, 0x72be0000)
  to   space 6912K,   0% used [0x71e60000, 0x71e60000, 0x72520000)
 tenured generation   total 138928K, used 98842K [0x792a0000, 0x81a4c000, 0x8e800000)
   the space 138928K,  71% used [0x792a0000, 0x7f326a80, 0x7f326c00, 0x81a4c000)
 compacting perm gen  total 12288K, used 8274K [0x8e800000, 0x8f400000, 0x92800000)
   the space 12288K,  67% used [0x8e800000, 0x8f014b60, 0x8f014c00, 0x8f400000)
    ro space 10240K,  59% used [0x92800000, 0x92dfe3d8, 0x92dfe400, 0x93200000)
    rw space 12288K,  59% used [0x93200000, 0x9391c2b0, 0x9391c400, 0x93e00000)
}
Event: 50.547 GC heap before
{Heap before GC invocations=36 (full 6):
 def new generation   total 62592K, used 55713K [0x6e800000, 0x72be0000, 0x792a0000)
  eden space 55680K, 100% used [0x6e800000, 0x71e60000, 0x71e60000)
  from space 6912K,   0% used [0x72520000, 0x72528770, 0x72be0000)
  to   space 6912K,   0% used [0x71e60000, 0x71e60000, 0x72520000)
 tenured generation   total 138928K, used 98842K [0x792a0000, 0x81a4c000, 0x8e800000)
   the space 138928K,  71% used [0x792a0000, 0x7f326a80, 0x7f326c00, 0x81a4c000)
 compacting perm gen  total 12288K, used 8274K [0x8e800000, 0x8f400000, 0x92800000)
   the space 12288K,  67% used [0x8e800000, 0x8f014b70, 0x8f014c00, 0x8f400000)
    ro space 10240K,  59% used [0x92800000, 0x92dfe3d8, 0x92dfe400, 0x93200000)
    rw space 12288K,  59% used [0x93200000, 0x9391c2b0, 0x9391c400, 0x93e00000)
Event: 50.549 GC heap after
Heap after GC invocations=37 (full 6):
 def new generation   total 62592K, used 89K [0x6e800000, 0x72be0000, 0x792a0000)
  eden space 55680K,   0% used [0x6e800000, 0x6e800000, 0x71e60000)
  from space 6912K,   1% used [0x71e60000, 0x71e76478, 0x72520000)
  to   space 6912K,   0% used [0x72520000, 0x72520000, 0x72be0000)
 tenured generation   total 138928K, used 98842K [0x792a0000, 0x81a4c000, 0x8e800000)
   the space 138928K,  71% used [0x792a0000, 0x7f326a80, 0x7f326c00, 0x81a4c000)
 compacting perm gen  total 12288K, used 8274K [0x8e800000, 0x8f400000, 0x92800000)
   the space 12288K,  67% used [0x8e800000, 0x8f014b70, 0x8f014c00, 0x8f400000)
    ro space 10240K,  59% used [0x92800000, 0x92dfe3d8, 0x92dfe400, 0x93200000)
    rw space 12288K,  59% used [0x93200000, 0x9391c2b0, 0x9391c400, 0x93e00000)
}
Event: 51.982 GC heap before
{Heap before GC invocations=37 (full 6):
 def new generation   total 62592K, used 55769K [0x6e800000, 0x72be0000, 0x792a0000)
  eden space 55680K, 100% used [0x6e800000, 0x71e60000, 0x71e60000)
  from space 6912K,   1% used [0x71e60000, 0x71e76478, 0x72520000)
  to   space 6912K,   0% used [0x72520000, 0x72520000, 0x72be0000)
 tenured generation   total 138928K, used 98842K [0x792a0000, 0x81a4c000, 0x8e800000)
   the space 138928K,  71% used [0x792a0000, 0x7f326a80, 0x7f326c00, 0x81a4c000)
 compacting perm gen  total 12288K, used 8274K [0x8e800000, 0x8f400000, 0x92800000)
   the space 12288K,  67% used [0x8e800000, 0x8f014bd0, 0x8f014c00, 0x8f400000)
    ro space 10240K,  59% used [0x92800000, 0x92dfe3d8, 0x92dfe400, 0x93200000)
    rw space 12288K,  59% used [0x93200000, 0x9391c2b0, 0x9391c400, 0x93e00000)
Event: 51.983 GC heap after
Heap after GC invocations=38 (full 6):
 def new generation   total 62592K, used 70K [0x6e800000, 0x72be0000, 0x792a0000)
  eden space 55680K,   0% used [0x6e800000, 0x6e800000, 0x71e60000)
  from space 6912K,   1% used [0x72520000, 0x72531b48, 0x72be0000)
  to   space 6912K,   0% used [0x71e60000, 0x71e60000, 0x72520000)
 tenured generation   total 138928K, used 98845K [0x792a0000, 0x81a4c000, 0x8e800000)
   the space 138928K,  71% used [0x792a0000, 0x7f327608, 0x7f327800, 0x81a4c000)
 compacting perm gen  total 12288K, used 8274K [0x8e800000, 0x8f400000, 0x92800000)
   the space 12288K,  67% used [0x8e800000, 0x8f014bd0, 0x8f014c00, 0x8f400000)
    ro space 10240K,  59% used [0x92800000, 0x92dfe3d8, 0x92dfe400, 0x93200000)
    rw space 12288K,  59% used [0x93200000, 0x9391c2b0, 0x9391c400, 0x93e00000)
}
Event: 53.284 GC heap before
{Heap before GC invocations=38 (full 6):
 def new generation   total 62592K, used 55750K [0x6e800000, 0x72be0000, 0x792a0000)
  eden space 55680K, 100% used [0x6e800000, 0x71e60000, 0x71e60000)
  from space 6912K,   1% used [0x72520000, 0x72531b48, 0x72be0000)
  to   space 6912K,   0% used [0x71e60000, 0x71e60000, 0x72520000)
 tenured generation   total 138928K, used 98845K [0x792a0000, 0x81a4c000, 0x8e800000)
   the space 138928K,  71% used [0x792a0000, 0x7f327608, 0x7f327800, 0x81a4c000)
 compacting perm gen  total 12288K, used 8369K [0x8e800000, 0x8f400000, 0x92800000)
   the space 12288K,  68% used [0x8e800000, 0x8f02c498, 0x8f02c600, 0x8f400000)
    ro space 10240K,  59% used [0x92800000, 0x92dfe3d8, 0x92dfe400, 0x93200000)
    rw space 12288K,  59% used [0x93200000, 0x9391c2b0, 0x9391c400, 0x93e00000)
Event: 53.292 GC heap after
Heap after GC invocations=39 (full 6):
 def new generation   total 62592K, used 137K [0x6e800000, 0x72be0000, 0x792a0000)
  eden space 55680K,   0% used [0x6e800000, 0x6e800000, 0x71e60000)
  from space 6912K,   1% used [0x71e60000, 0x71e82448, 0x72520000)
  to   space 6912K,   0% used [0x72520000, 0x72520000, 0x72be0000)
 tenured generation   total 138928K, used 98845K [0x792a0000, 0x81a4c000, 0x8e800000)
   the space 138928K,  71% used [0x792a0000, 0x7f3277d0, 0x7f327800, 0x81a4c000)
 compacting perm gen  total 12288K, used 8369K [0x8e800000, 0x8f400000, 0x92800000)
   the space 12288K,  68% used [0x8e800000, 0x8f02c498, 0x8f02c600, 0x8f400000)
    ro space 10240K,  59% used [0x92800000, 0x92dfe3d8, 0x92dfe400, 0x93200000)
    rw space 12288K,  59% used [0x93200000, 0x9391c2b0, 0x9391c400, 0x93e00000)
}
Event: 54.470 GC heap before
{Heap before GC invocations=39 (full 6):
 def new generation   total 62592K, used 42405K [0x6e800000, 0x72be0000, 0x792a0000)
  eden space 55680K,  75% used [0x6e800000, 0x71147090, 0x71e60000)
  from space 6912K,   1% used [0x71e60000, 0x71e82448, 0x72520000)
  to   space 6912K,   0% used [0x72520000, 0x72520000, 0x72be0000)
 tenured generation   total 138928K, used 98845K [0x792a0000, 0x81a4c000, 0x8e800000)
   the space 138928K,  71% used [0x792a0000, 0x7f3277d0, 0x7f327800, 0x81a4c000)
 compacting perm gen  total 12288K, used 8387K [0x8e800000, 0x8f400000, 0x92800000)
   the space 12288K,  68% used [0x8e800000, 0x8f030eb0, 0x8f031000, 0x8f400000)
    ro space 10240K,  59% used [0x92800000, 0x92dfe3d8, 0x92dfe400, 0x93200000)
    rw space 12288K,  59% used [0x93200000, 0x9391c2b0, 0x9391c400, 0x93e00000)

