# JRE version: OpenJDK Runtime Environment (7.0_111-b01) (build 1.7.0_111-b01)
# Java VM: OpenJDK Client VM (24.111-b01 mixed mode, sharing linux-x86 )
Heap
 def new generation   total 48576K, used 0K [0x6e800000, 0x71cb0000, 0x792a0000)
  eden space 43200K,   0% used [0x6e800000, 0x6e800000, 0x71230000)
  from space 5376K,   0% used [0x71230000, 0x71230000, 0x71770000)
  to   space 5376K,   0% used [0x71770000, 0x71770000, 0x71cb0000)
 tenured generation   total 107804K, used 98974K [0x792a0000, 0x7fbe7000, 0x8e800000)
   the space 107804K,  91% used [0x792a0000, 0x7f347a48, 0x7f347c00, 0x7fbe7000)
 compacting perm gen  total 12288K, used 8940K [0x8e800000, 0x8f400000, 0x92800000)
   the space 12288K,  72% used [0x8e800000, 0x8f0bb200, 0x8f0bb200, 0x8f400000)
    ro space 10240K,  59% used [0x92800000, 0x92dfe3d8, 0x92dfe400, 0x93200000)
    rw space 12288K,  59% used [0x93200000, 0x9391c2b0, 0x9391c400, 0x93e00000)
GC Heap History (10 events):
Event: 113.822 GC heap after
Heap after GC invocations=65 (full 7):
 def new generation   total 48576K, used 33K [0x6e800000, 0x71cb0000, 0x792a0000)
  eden space 43200K,   0% used [0x6e800000, 0x6e800000, 0x71230000)
  from space 5376K,   0% used [0x71230000, 0x71238528, 0x71770000)
  to   space 5376K,   0% used [0x71770000, 0x71770000, 0x71cb0000)
 tenured generation   total 107804K, used 98856K [0x792a0000, 0x7fbe7000, 0x8e800000)
   the space 107804K,  91% used [0x792a0000, 0x7f32a238, 0x7f32a400, 0x7fbe7000)
 compacting perm gen  total 12288K, used 8262K [0x8e800000, 0x8f400000, 0x92800000)
   the space 12288K,  67% used [0x8e800000, 0x8f011b28, 0x8f011c00, 0x8f400000)
    ro space 10240K,  59% used [0x92800000, 0x92dfe3d8, 0x92dfe400, 0x93200000)
    rw space 12288K,  59% used [0x93200000, 0x9391c2b0, 0x9391c400, 0x93e00000)
}
Event: 114.930 GC heap before
{Heap before GC invocations=65 (full 7):
 def new generation   total 48576K, used 43233K [0x6e800000, 0x71cb0000, 0x792a0000)
  eden space 43200K, 100% used [0x6e800000, 0x71230000, 0x71230000)
  from space 5376K,   0% used [0x71230000, 0x71238528, 0x71770000)
  to   space 5376K,   0% used [0x71770000, 0x71770000, 0x71cb0000)
 tenured generation   total 107804K, used 98856K [0x792a0000, 0x7fbe7000, 0x8e800000)
   the space 107804K,  91% used [0x792a0000, 0x7f32a238, 0x7f32a400, 0x7fbe7000)
 compacting perm gen  total 12288K, used 8262K [0x8e800000, 0x8f400000, 0x92800000)
   the space 12288K,  67% used [0x8e800000, 0x8f011b28, 0x8f011c00, 0x8f400000)
    ro space 10240K,  59% used [0x92800000, 0x92dfe3d8, 0x92dfe400, 0x93200000)
    rw space 12288K,  59% used [0x93200000, 0x9391c2b0, 0x9391c400, 0x93e00000)
Event: 114.931 GC heap after
Heap after GC invocations=66 (full 7):
 def new generation   total 48576K, used 44K [0x6e800000, 0x71cb0000, 0x792a0000)
  eden space 43200K,   0% used [0x6e800000, 0x6e800000, 0x71230000)
  from space 5376K,   0% used [0x71770000, 0x7177b118, 0x71cb0000)
  to   space 5376K,   0% used [0x71230000, 0x71230000, 0x71770000)
 tenured generation   total 107804K, used 98856K [0x792a0000, 0x7fbe7000, 0x8e800000)
   the space 107804K,  91% used [0x792a0000, 0x7f32a238, 0x7f32a400, 0x7fbe7000)
 compacting perm gen  total 12288K, used 8262K [0x8e800000, 0x8f400000, 0x92800000)
   the space 12288K,  67% used [0x8e800000, 0x8f011b28, 0x8f011c00, 0x8f400000)
    ro space 10240K,  59% used [0x92800000, 0x92dfe3d8, 0x92dfe400, 0x93200000)
    rw space 12288K,  59% used [0x93200000, 0x9391c2b0, 0x9391c400, 0x93e00000)
}
Event: 115.916 GC heap before
{Heap before GC invocations=66 (full 7):
 def new generation   total 48576K, used 43244K [0x6e800000, 0x71cb0000, 0x792a0000)
  eden space 43200K, 100% used [0x6e800000, 0x71230000, 0x71230000)
  from space 5376K,   0% used [0x71770000, 0x7177b118, 0x71cb0000)
  to   space 5376K,   0% used [0x71230000, 0x71230000, 0x71770000)
 tenured generation   total 107804K, used 98856K [0x792a0000, 0x7fbe7000, 0x8e800000)
   the space 107804K,  91% used [0x792a0000, 0x7f32a238, 0x7f32a400, 0x7fbe7000)
 compacting perm gen  total 12288K, used 8262K [0x8e800000, 0x8f400000, 0x92800000)
   the space 12288K,  67% used [0x8e800000, 0x8f011b58, 0x8f011c00, 0x8f400000)
    ro space 10240K,  59% used [0x92800000, 0x92dfe3d8, 0x92dfe400, 0x93200000)
    rw space 12288K,  59% used [0x93200000, 0x9391c2b0, 0x9391c400, 0x93e00000)
Event: 115.917 GC heap after
Heap after GC invocations=67 (full 7):
 def new generation   total 48576K, used 29K [0x6e800000, 0x71cb0000, 0x792a0000)
  eden space 43200K,   0% used [0x6e800000, 0x6e800000, 0x71230000)
  from space 5376K,   0% used [0x71230000, 0x71237530, 0x71770000)
  to   space 5376K,   0% used [0x71770000, 0x71770000, 0x71cb0000)
 tenured generation   total 107804K, used 98856K [0x792a0000, 0x7fbe7000, 0x8e800000)
   the space 107804K,  91% used [0x792a0000, 0x7f32a238, 0x7f32a400, 0x7fbe7000)
 compacting perm gen  total 12288K, used 8262K [0x8e800000, 0x8f400000, 0x92800000)
   the space 12288K,  67% used [0x8e800000, 0x8f011b58, 0x8f011c00, 0x8f400000)
    ro space 10240K,  59% used [0x92800000, 0x92dfe3d8, 0x92dfe400, 0x93200000)
    rw space 12288K,  59% used [0x93200000, 0x9391c2b0, 0x9391c400, 0x93e00000)
}
Event: 122.495 GC heap before
{Heap before GC invocations=67 (full 7):
 def new generation   total 48576K, used 43229K [0x6e800000, 0x71cb0000, 0x792a0000)
  eden space 43200K, 100% used [0x6e800000, 0x71230000, 0x71230000)
  from space 5376K,   0% used [0x71230000, 0x71237530, 0x71770000)
  to   space 5376K,   0% used [0x71770000, 0x71770000, 0x71cb0000)
 tenured generation   total 107804K, used 98856K [0x792a0000, 0x7fbe7000, 0x8e800000)
   the space 107804K,  91% used [0x792a0000, 0x7f32a238, 0x7f32a400, 0x7fbe7000)
 compacting perm gen  total 12288K, used 8266K [0x8e800000, 0x8f400000, 0x92800000)
   the space 12288K,  67% used [0x8e800000, 0x8f012880, 0x8f012a00, 0x8f400000)
    ro space 10240K,  59% used [0x92800000, 0x92dfe3d8, 0x92dfe400, 0x93200000)
    rw space 12288K,  59% used [0x93200000, 0x9391c2b0, 0x9391c400, 0x93e00000)
Event: 122.496 GC heap after
Heap after GC invocations=68 (full 7):
 def new generation   total 48576K, used 48K [0x6e800000, 0x71cb0000, 0x792a0000)
  eden space 43200K,   0% used [0x6e800000, 0x6e800000, 0x71230000)
  from space 5376K,   0% used [0x71770000, 0x7177c2d0, 0x71cb0000)
  to   space 5376K,   0% used [0x71230000, 0x71230000, 0x71770000)
 tenured generation   total 107804K, used 98856K [0x792a0000, 0x7fbe7000, 0x8e800000)
   the space 107804K,  91% used [0x792a0000, 0x7f32a238, 0x7f32a400, 0x7fbe7000)
 compacting perm gen  total 12288K, used 8266K [0x8e800000, 0x8f400000, 0x92800000)
   the space 12288K,  67% used [0x8e800000, 0x8f012880, 0x8f012a00, 0x8f400000)
    ro space 10240K,  59% used [0x92800000, 0x92dfe3d8, 0x92dfe400, 0x93200000)
    rw space 12288K,  59% used [0x93200000, 0x9391c2b0, 0x9391c400, 0x93e00000)
}
Event: 132.002 GC heap before
{Heap before GC invocations=68 (full 7):
 def new generation   total 48576K, used 43248K [0x6e800000, 0x71cb0000, 0x792a0000)
  eden space 43200K, 100% used [0x6e800000, 0x71230000, 0x71230000)
  from space 5376K,   0% used [0x71770000, 0x7177c2d0, 0x71cb0000)
  to   space 5376K,   0% used [0x71230000, 0x71230000, 0x71770000)
 tenured generation   total 107804K, used 98856K [0x792a0000, 0x7fbe7000, 0x8e800000)
   the space 107804K,  91% used [0x792a0000, 0x7f32a238, 0x7f32a400, 0x7fbe7000)
 compacting perm gen  total 12288K, used 8353K [0x8e800000, 0x8f400000, 0x92800000)
   the space 12288K,  67% used [0x8e800000, 0x8f028558, 0x8f028600, 0x8f400000)
    ro space 10240K,  59% used [0x92800000, 0x92dfe3d8, 0x92dfe400, 0x93200000)
    rw space 12288K,  59% used [0x93200000, 0x9391c2b0, 0x9391c400, 0x93e00000)
Event: 132.006 GC heap after
Heap after GC invocations=69 (full 7):
 def new generation   total 48576K, used 53K [0x6e800000, 0x71cb0000, 0x792a0000)
  eden space 43200K,   0% used [0x6e800000, 0x6e800000, 0x71230000)
  from space 5376K,   0% used [0x71230000, 0x7123d4a0, 0x71770000)
  to   space 5376K,   0% used [0x71770000, 0x71770000, 0x71cb0000)
 tenured generation   total 107804K, used 98856K [0x792a0000, 0x7fbe7000, 0x8e800000)
   the space 107804K,  91% used [0x792a0000, 0x7f32a260, 0x7f32a400, 0x7fbe7000)
 compacting perm gen  total 12288K, used 8353K [0x8e800000, 0x8f400000, 0x92800000)
   the space 12288K,  67% used [0x8e800000, 0x8f028558, 0x8f028600, 0x8f400000)
    ro space 10240K,  59% used [0x92800000, 0x92dfe3d8, 0x92dfe400, 0x93200000)
    rw space 12288K,  59% used [0x93200000, 0x9391c2b0, 0x9391c400, 0x93e00000)
}
Event: 186.141 GC heap before
{Heap before GC invocations=69 (full 7):
 def new generation   total 48576K, used 30368K [0x6e800000, 0x71cb0000, 0x792a0000)
  eden space 43200K,  70% used [0x6e800000, 0x7059abb0, 0x71230000)
  from space 5376K,   0% used [0x71230000, 0x7123d4a0, 0x71770000)
  to   space 5376K,   0% used [0x71770000, 0x71770000, 0x71cb0000)
 tenured generation   total 107804K, used 98856K [0x792a0000, 0x7fbe7000, 0x8e800000)
   the space 107804K,  91% used [0x792a0000, 0x7f32a260, 0x7f32a400, 0x7fbe7000)
 compacting perm gen  total 12288K, used 8970K [0x8e800000, 0x8f400000, 0x92800000)
   the space 12288K,  73% used [0x8e800000, 0x8f0c28f8, 0x8f0c2a00, 0x8f400000)
    ro space 10240K,  59% used [0x92800000, 0x92dfe3d8, 0x92dfe400, 0x93200000)
    rw space 12288K,  59% used [0x93200000, 0x9391c2b0, 0x9391c400, 0x93e00000)

